Log file open, 10/01/17 15:10:28
LogWindows: Failed to load 'aqProf.dll' (GetLastError=126)
LogWindows: File 'aqProf.dll' does not exist
LogWindows: Failed to load 'VtuneApi.dll' (GetLastError=126)
LogWindows: File 'VtuneApi.dll' does not exist
LogWindows: Failed to load 'VtuneApi32e.dll' (GetLastError=126)
LogWindows: File 'VtuneApi32e.dll' does not exist
LogInit: Display: Running engine for game: Bowcaster
LogPlatformFile: Not using cached read wrapper
LogInit: Display: RandInit(298222605) SRandInit(298222605).
LogTaskGraph: Started task graph with 5 named threads and 14 total threads with 3 sets of task threads.
LogStats: Stats thread started at 0.190903
LogD3D11RHI: Aftermath initialized
LogPluginManager: Mounting plugin Paper2D
LogPluginManager: Mounting plugin LightPropagationVolume
LogPluginManager: Mounting plugin CodeLiteSourceCodeAccess
LogPluginManager: Mounting plugin GitSourceControl
LogPluginManager: Mounting plugin KDevelopSourceCodeAccess
LogPluginManager: Mounting plugin NullSourceCodeAccess
LogPluginManager: Mounting plugin PerforceSourceControl
LogPluginManager: Mounting plugin SubversionSourceControl
LogPluginManager: Mounting plugin UObjectPlugin
LogPluginManager: Mounting plugin VisualStudioSourceCodeAccess
LogPluginManager: Mounting plugin XCodeSourceCodeAccess
LogPluginManager: Mounting plugin AssetManagerEditor
LogPluginManager: Mounting plugin AudioCapture
LogPluginManager: Mounting plugin FacialAnimation
LogPluginManager: Mounting plugin GameplayTagsEditor
LogPluginManager: Mounting plugin MobileLauncherProfileWizard
LogPluginManager: Mounting plugin PluginBrowser
LogPluginManager: Mounting plugin SpeedTreeImporter
LogPluginManager: Mounting plugin AlembicImporter
LogPluginManager: Mounting plugin CharacterAI
LogPluginManager: Mounting plugin HTML5Networking
LogPluginManager: Mounting plugin AndroidMedia
LogPluginManager: Mounting plugin AvfMedia
LogPluginManager: Mounting plugin MediaPlayerEditor
LogPluginManager: Mounting plugin WmfMedia
LogPluginManager: Mounting plugin TcpMessaging
LogPluginManager: Mounting plugin UdpMessaging
LogPluginManager: Mounting plugin LevelSequenceEditor
LogPluginManager: Mounting plugin MatineeToLevelSequence
LogPluginManager: Mounting plugin OnlineSubsystemGooglePlay
LogPluginManager: Mounting plugin OnlineSubsystemIOS
LogPluginManager: Mounting plugin OnlineSubsystem
LogPluginManager: Mounting plugin OnlineSubsystemNull
LogPluginManager: Mounting plugin OnlineSubsystemUtils
LogPluginManager: Mounting plugin AndroidDeviceProfileSelector
LogPluginManager: Mounting plugin AndroidMoviePlayer
LogPluginManager: Mounting plugin AndroidPermission
LogPluginManager: Mounting plugin AppleMoviePlayer
LogPluginManager: Mounting plugin ArchVisCharacter
LogPluginManager: Mounting plugin CableComponent
LogPluginManager: Mounting plugin CustomMeshComponent
LogPluginManager: Mounting plugin ExampleDeviceProfileSelector
LogPluginManager: Mounting plugin GoogleCloudMessaging
LogPluginManager: Mounting plugin ImmediatePhysics
LogPluginManager: Mounting plugin IOSDeviceProfileSelector
LogPluginManager: Mounting plugin LinuxDeviceProfileSelector
LogPluginManager: Mounting plugin LocationServicesBPLibrary
LogPluginManager: Mounting plugin MobilePatchingUtils
LogPluginManager: Mounting plugin OculusVR
LogPluginManager: Mounting plugin PhysXVehicles
LogPluginManager: Mounting plugin ProceduralMeshComponent
LogPluginManager: Mounting plugin RuntimePhysXCooking
LogPluginManager: Mounting plugin SteamVR
LogPluginManager: Mounting plugin WindowsMoviePlayer
LogInit: Using libcurl 7.47.1
LogInit:  - built for x86_64-pc-win32
LogInit:  - supports SSL with OpenSSL/1.0.2g
LogInit:  - supports HTTP deflate (compression) using libz 1.2.8
LogInit:  - other features:
LogInit:      CURL_VERSION_SSL
LogInit:      CURL_VERSION_LIBZ
LogInit:      CURL_VERSION_IPV6
LogInit:      CURL_VERSION_ASYNCHDNS
LogInit:      CURL_VERSION_LARGEFILE
LogInit:      CURL_VERSION_IDN
LogInit:  CurlRequestOptions (configurable via config and command line):
LogInit:  - bVerifyPeer = false  - Libcurl will NOT verify peer certificate
LogInit:  - bUseHttpProxy = false  - Libcurl will NOT use HTTP proxy
LogInit:  - bDontReuseConnections = false  - Libcurl will reuse connections
LogInit:  - CertBundlePath = nullptr  - Libcurl will use whatever was configured at build time.
LogInit: Build: ++UE4+Release-4.17-CL-3658906
LogInit: Engine Version: 4.17.2-3658906+++UE4+Release-4.17
LogInit: Compatible Engine Version: 4.17.0-3573198+++UE4+Release-4.17
LogInit: Net CL: 3573198
LogDevObjectVersion: Number of dev versions registered: 16
LogDevObjectVersion:   Dev-Blueprints (B0D832E4-1F89-4F0D-ACCF-7EB736FD4AA2): 10
LogDevObjectVersion:   Dev-Build (E1C64328-A22C-4D53-A36C-8E866417BD8C): 0
LogDevObjectVersion:   Dev-Core (375EC13C-06E4-48FB-B500-84F0262A717E): 2
LogDevObjectVersion:   Dev-Editor (E4B068ED-F494-42E9-A231-DA0B2E46BB41): 20
LogDevObjectVersion:   Dev-Framework (CFFC743F-43B0-4480-9391-14DF171D2073): 28
LogDevObjectVersion:   Dev-Mobile (B02B49B5-BB20-44E9-A304-32B752E40360): 0
LogDevObjectVersion:   Dev-Networking (A4E4105C-59A1-49B5-A7C5-40C4547EDFEE): 0
LogDevObjectVersion:   Dev-Online (39C831C9-5AE6-47DC-9A44-9C173E1C8E7C): 0
LogDevObjectVersion:   Dev-Physics (78F01B33-EBEA-4F98-B9B4-84EACCB95AA2): 0
LogDevObjectVersion:   Dev-Platform (6631380F-2D4D-43E0-8009-CF276956A95A): 0
LogDevObjectVersion:   Dev-Rendering (12F88B9F-8875-4AFC-A67C-D90C383ABD29): 19
LogDevObjectVersion:   Dev-Sequencer (7B5AE74C-D270-4C10-A958-57980B212A5A): 4
LogDevObjectVersion:   Dev-VR (D7296918-1DD6-4BDD-9DE2-64A83CC13884): 0
LogDevObjectVersion:   Dev-LoadTimes (C2A15278-BFE7-4AFE-6C17-90FF531DF755): 1
LogDevObjectVersion:   Private-Geometry (6EACA3D4-40EC-4CC1-B786-8BED09428FC5): 1
LogDevObjectVersion:   Dev-AnimPhys (29E575DD-E0A3-4627-9D10-D276232CDCEA): 7
LogInit: Compiled (64-bit): Sep 22 2017 13:47:16
LogInit: Compiled with Visual C++: 19.00.24215.01
LogInit: Build Configuration: Development
LogInit: Branch Name: ++UE4+Release-4.17
LogInit: Command line: -EpicPortal 
LogInit: Base directory: D:/Program Files/UE_4.17/Engine/Binaries/Win64/
LogInit: Installed Engine Build: 1
LogInit: Presizing for max 8388607 objects, including 0 objects not considered by GC, pre-allocating 0 bytes for permanent pool.
LogInit: Object subsystem initialized
[2017.10.01-19.10.28:604][  0]LogInit: Selected Device Profile: [Windows]
[2017.10.01-19.10.28:604][  0]LogInit: Applying CVar settings loaded from the selected device profile: [Windows]
[2017.10.01-19.10.28:642][  0]LogInit: Computer: MSI
[2017.10.01-19.10.28:642][  0]LogInit: User: aidan
[2017.10.01-19.10.28:642][  0]LogInit: CPU Page size=4096, Cores=4
[2017.10.01-19.10.28:642][  0]LogInit: High frequency timer resolution =2.531249 MHz
[2017.10.01-19.10.28:644][  0]LogMemory: Memory total: Physical=15.9GB (16GB approx)
[2017.10.01-19.10.28:644][  0]LogMemory: Platform Memory Stats for Windows
[2017.10.01-19.10.28:644][  0]LogMemory: Process Physical Memory: 278.46 MB used, 278.46 MB peak
[2017.10.01-19.10.28:644][  0]LogMemory: Process Virtual Memory: 274.60 MB used, 274.60 MB peak
[2017.10.01-19.10.28:644][  0]LogMemory: Physical Memory: 11141.20 MB used,  5118.63 MB free, 16259.82 MB total
[2017.10.01-19.10.28:644][  0]LogMemory: Virtual Memory: 669.22 MB used,  5118.63 MB free, 134217728.00 MB total
[2017.10.01-19.10.29:278][  0]LogInit: Using OS detected language (en-US).
[2017.10.01-19.10.29:278][  0]LogInit: Using OS detected locale (en-CA).
[2017.10.01-19.10.29:281][  0]LogTextLocalizationManager: No specific localization for 'en-US' exists, so the 'en' localization will be used.
[2017.10.01-19.10.30:048][  0]LogD3D11RHI: D3D11 adapters:
[2017.10.01-19.10.30:797][  0]LogD3D11RHI:    0. 'NVIDIA GeForce GTX 960M' (Feature Level 11_0)
[2017.10.01-19.10.30:797][  0]LogD3D11RHI:       2019/0/8129 MB DedicatedVideo/DedicatedSystem/SharedSystem, Outputs:1, VendorId:0x10de
[2017.10.01-19.10.30:804][  0]LogD3D11RHI:    1. 'Intel(R) HD Graphics 530' (Feature Level 11_0)
[2017.10.01-19.10.30:804][  0]LogD3D11RHI:       128/0/8129 MB DedicatedVideo/DedicatedSystem/SharedSystem, Outputs:0, VendorId:0x8086
[2017.10.01-19.10.30:806][  0]LogD3D11RHI:    2. 'Microsoft Basic Render Driver' (Feature Level 11_0)
[2017.10.01-19.10.30:806][  0]LogD3D11RHI:       0/0/8129 MB DedicatedVideo/DedicatedSystem/SharedSystem, Outputs:0, VendorId:0x1414
[2017.10.01-19.10.30:806][  0]LogD3D11RHI: Chosen D3D11 Adapter: 0
[2017.10.01-19.10.30:813][  0]LogD3D11RHI: Creating new Direct3DDevice
[2017.10.01-19.10.30:813][  0]LogD3D11RHI:     GPU DeviceId: 0x139b (for the marketing name, search the web for "GPU Device Id")
[2017.10.01-19.10.30:813][  0]LogWindows: EnumDisplayDevices:
[2017.10.01-19.10.30:813][  0]LogWindows:    0. 'Intel(R) HD Graphics 530' (P:1 D:1)
[2017.10.01-19.10.30:814][  0]LogWindows:    1. 'Intel(R) HD Graphics 530' (P:0 D:0)
[2017.10.01-19.10.30:814][  0]LogWindows:    2. 'Intel(R) HD Graphics 530' (P:0 D:0)
[2017.10.01-19.10.30:814][  0]LogWindows: DebugString: PrimaryIsNotTheChoosenAdapter PrimaryIsNotTheChoosenAdapter PrimaryIsNotTheChoosenAdapter FoundDriverCount:0 
[2017.10.01-19.10.30:814][  0]LogD3D11RHI:     Adapter Name: NVIDIA GeForce GTX 960M
[2017.10.01-19.10.30:814][  0]LogD3D11RHI:   Driver Version: Unknown (internal:Unknown, unified:Unknown)
[2017.10.01-19.10.30:814][  0]LogD3D11RHI:      Driver Date: Unknown
[2017.10.01-19.10.30:814][  0]LogRHI: Texture pool is 1361 MB (70% of 1945 MB)
[2017.10.01-19.10.31:483][  0]LogD3D11RHI: Async texture creation enabled
[2017.10.01-19.10.31:522][  0]LogD3D11RHI: GPU Timing Frequency: 1000.000000 (Debug: 2 1)
[2017.10.01-19.10.31:523][  0]LogShaderCompilers: Guid format shader working directory is -8 characters bigger than the processId version (../../../../../OneDrive/UofT Projects/Unreal/Bowcaster/Intermediate/Shaders/WorkingDirectory/1380/).
[2017.10.01-19.10.31:523][  0]LogShaderCompilers: Cleaned the shader compiler working directory 'C:/Users/aidan/AppData/Local/Temp/UnrealShaderWorkingDir/00904BD745C63B4AEEE98F9BAB8E1139/'.
[2017.10.01-19.10.31:523][  0]LogShaderCompilers: Display: Using Local Shader Compiler.
[2017.10.01-19.10.32:449][  0]LogTemp: Display: Loaded TP AllDesktopTargetPlatform
[2017.10.01-19.10.32:490][  0]LogTemp: Display: Loaded TP MacClientTargetPlatform
[2017.10.01-19.10.32:530][  0]LogTemp: Display: Loaded TP MacNoEditorTargetPlatform
[2017.10.01-19.10.32:569][  0]LogTemp: Display: Loaded TP MacServerTargetPlatform
[2017.10.01-19.10.32:610][  0]LogTemp: Display: Loaded TP MacTargetPlatform
[2017.10.01-19.10.32:649][  0]LogTemp: Display: Loaded TP WindowsClientTargetPlatform
[2017.10.01-19.10.32:688][  0]LogTemp: Display: Loaded TP WindowsNoEditorTargetPlatform
[2017.10.01-19.10.32:727][  0]LogTemp: Display: Loaded TP WindowsServerTargetPlatform
[2017.10.01-19.10.32:760][  0]LogTemp: Display: Loaded TP WindowsTargetPlatform
[2017.10.01-19.10.32:808][  0]LogTemp: Display: Loaded TP AndroidTargetPlatform
[2017.10.01-19.10.32:851][  0]LogTemp: Display: Loaded TP Android_ASTCTargetPlatform
[2017.10.01-19.10.32:896][  0]LogTemp: Display: Loaded TP Android_ATCTargetPlatform
[2017.10.01-19.10.32:936][  0]LogTemp: Display: Loaded TP Android_DXTTargetPlatform
[2017.10.01-19.10.32:974][  0]LogTemp: Display: Loaded TP Android_ETC1TargetPlatform
[2017.10.01-19.10.33:013][  0]LogTemp: Display: Loaded TP Android_ETC2TargetPlatform
[2017.10.01-19.10.33:090][  0]LogTemp: Display: Loaded TP Android_MultiTargetPlatform
[2017.10.01-19.10.33:090][  0]LogTemp: Display: Loaded TP Android_PVRTCTargetPlatform
[2017.10.01-19.10.33:117][  0]LogTemp: Display: Loaded TP HTML5TargetPlatform
[2017.10.01-19.10.33:209][  0]LogTemp: Display: Loaded TP IOSTargetPlatform
[2017.10.01-19.10.33:241][  0]LogTemp: Display: Loaded TP TVOSTargetPlatform
[2017.10.01-19.10.33:285][  0]LogTemp: Display: Loaded TP LinuxClientTargetPlatform
[2017.10.01-19.10.33:323][  0]LogTemp: Display: Loaded TP LinuxNoEditorTargetPlatform
[2017.10.01-19.10.33:359][  0]LogTemp: Display: Loaded TP LinuxServerTargetPlatform
[2017.10.01-19.10.33:399][  0]LogTemp: Display: Loaded TP LinuxTargetPlatform
[2017.10.01-19.10.33:399][  0]LogTargetPlatformManager: Display: Building Assets For Windows
[2017.10.01-19.10.33:738][  0]LogDerivedDataCache: Display: Max Cache Size: 512 MB
[2017.10.01-19.10.33:815][  0]LogDerivedDataCache: Loaded boot cache 0.08s 93MB C:/Users/aidan/AppData/Local/UnrealEngine/4.17/DerivedDataCache/Boot.ddc.
[2017.10.01-19.10.33:815][  0]LogDerivedDataCache: Display: Loaded Boot cache: C:/Users/aidan/AppData/Local/UnrealEngine/4.17/DerivedDataCache/Boot.ddc
[2017.10.01-19.10.33:815][  0]LogDerivedDataCache: FDerivedDataBackendGraph:  Pak pak cache file ../../../../../OneDrive/UofT Projects/Unreal/Bowcaster/DerivedDataCache/DDC.ddp not found, will not use a pak cache.
[2017.10.01-19.10.33:815][  0]LogDerivedDataCache: Unable to find inner node Pak for hierarchical cache Hierarchy.
[2017.10.01-19.10.33:815][  0]LogDerivedDataCache: FDerivedDataBackendGraph:  CompressedPak pak cache file ../../../../../OneDrive/UofT Projects/Unreal/Bowcaster/DerivedDataCache/Compressed.ddp not found, will not use a pak cache.
[2017.10.01-19.10.33:815][  0]LogDerivedDataCache: Unable to find inner node CompressedPak for hierarchical cache Hierarchy.
[2017.10.01-19.10.33:834][  0]LogDerivedDataCache: Display: Pak cache opened for reading ../../../Engine/DerivedDataCache/Compressed.ddp.
[2017.10.01-19.10.33:846][  0]LogDerivedDataCache: Using Local data cache path C:/Users/aidan/AppData/Local/UnrealEngine/Common/DerivedDataCache: Writable
[2017.10.01-19.10.33:857][  0]LogMaterial: Verifying Global Shaders for PCD3D_SM5
[2017.10.01-19.10.33:857][  0]LogSlate: Using Freetype 2.6.0
[2017.10.01-19.10.33:858][  0]LogSlate: SlateFontCache - WITH_FREETYPE: 1, WITH_HARFBUZZ: 1
[2017.10.01-19.10.33:858][  0]LogSlate: SlateFontCache - WITH_FREETYPE: 1, WITH_HARFBUZZ: 1
[2017.10.01-19.10.34:122][  0]LogAssetRegistry: FAssetRegistry took 0.0265 seconds to start up
[2017.10.01-19.10.34:232][  0]LogInit: Selected Device Profile: [Windows]
[2017.10.01-19.10.34:359][  0]LogContentStreaming: Texture pool size is 0.00 MB
[2017.10.01-19.10.34:631][  0]LogSimplygon: Simplygon DLL not present - disabling.
[2017.10.01-19.10.34:663][  0]LogMeshReduction: Using SimplygonSwarm for distributed automatic mesh merging
[2017.10.01-19.10.34:663][  0]LogMeshReduction: Using QuadricMeshReduction for automatic static mesh reduction
[2017.10.01-19.10.34:663][  0]LogMeshReduction: No automatic skeletal mesh reduction module available
[2017.10.01-19.10.34:663][  0]LogMeshReduction: No automatic mesh merging module available
[2017.10.01-19.10.34:663][  0]LogMeshMerging: No automatic mesh merging module available
[2017.10.01-19.10.35:048][  0]LogNetVersion: Bowcaster , NetCL: 3573198, EngineNetVer: 2, GameNetVer: 0 (Checksum: 4119434037)
[2017.10.01-19.10.35:275][  0]LogPackageLocalizationCache: Processed 5 localized package path(s) for 2 prioritized culture(s) in 0.044379 seconds
[2017.10.01-19.10.35:282][  0]LogUObjectArray: 35825 objects as part of root set at end of initial load.
[2017.10.01-19.10.35:282][  0]LogUObjectAllocator: 7529112 out of 0 bytes used by permanent object pool.
[2017.10.01-19.10.35:282][  0]LogUObjectArray: CloseDisregardForGC: 0/0 objects in disregard for GC pool
[2017.10.01-19.10.35:326][  0]LogInit: WinSock: version 1.1 (2.2), MaxSocks=32767, MaxUdp=65467
[2017.10.01-19.10.37:751][  0]LogTcpMessaging: Initializing TcpMessaging bridge
[2017.10.01-19.10.37:793][  0]LogUdpMessaging: Initializing bridge on interface 0.0.0.0:0 to multicast group 230.0.0.1:6666.
[2017.10.01-19.10.38:370][  0]LogMaterial: Uniform references updated for custom material expression Custom.
[2017.10.01-19.10.38:743][  0]SourceControl: Source control is disabled
[2017.10.01-19.10.38:743][  0]SourceControl: Source control is disabled
[2017.10.01-19.10.38:782][  0]SourceControl: Source control is disabled
[2017.10.01-19.10.38:819][  0]SourceControl: Source control is disabled
[2017.10.01-19.10.39:278][  0]LogAndroidPermission: UAndroidPermissionCallbackProxy::GetInstance
[2017.10.01-19.10.39:485][  0]LogOcInput: OculusInput pre-init called
[2017.10.01-19.10.39:706][  0]LogEngine: Initializing Engine...
[2017.10.01-19.10.39:708][  0]LogHMD: Failed to initialize OpenVR with code 110
[2017.10.01-19.10.39:969][  0]LogStats: UGameplayTagsManager::ConstructGameplayTagTree: Construct from data asset -  0.000 s
[2017.10.01-19.10.39:969][  0]LogStats: UGameplayTagsManager::ConstructGameplayTagTree: GameplayTagTreeChangedEvent.Broadcast -  0.000 s
[2017.10.01-19.10.40:067][  0]LogAIModule: Creating AISystem for world Untitled
[2017.10.01-19.10.40:082][  0]LogInit: XAudio2 using 'Speakers (Realtek High Definition Audio)' : 6 channels at 48 kHz using 32 bits per sample (channel mask 0x3f)
[2017.10.01-19.10.40:135][  0]LogInit: FAudioDevice initialized.
[2017.10.01-19.10.40:234][  0]LogDerivedDataCache: Saved boot cache 0.10s 93MB C:/Users/aidan/AppData/Local/UnrealEngine/4.17/DerivedDataCache/Boot.ddc.
[2017.10.01-19.10.40:257][  0]LogInit: Texture streaming: Enabled
[2017.10.01-19.10.40:355][  0]LogEngineSessionManager: EngineSessionManager initialized
[2017.10.01-19.10.40:554][  0]LogInit: Transaction tracking system initialized
[2017.10.01-19.10.40:778][  0]BlueprintLog: New page: Editor Load
[2017.10.01-19.10.41:550][  0]LocalizationService: Localization service is disabled
[2017.10.01-19.10.42:064][  0]LogConsoleResponse: Display: 
[2017.10.01-19.10.42:234][  0]LogFileCache: Scanning file cache for directory 'D:/OneDrive/UofT Projects/Unreal/Bowcaster/Content/' took 0.01s
[2017.10.01-19.10.42:234][  0]LogCook: Display: Max memory allowance for cook 16384mb min free memory 0mb
[2017.10.01-19.10.42:234][  0]LogCook: Display: Mobile HDR setting 1
[2017.10.01-19.10.42:234][  0]LogGameplayTags: Display: UGameplayTagsManager::DoneAddingNativeTags. DelegateIsBound: 0
[2017.10.01-19.10.43:014][  0]SourceControl: Source control is disabled
[2017.10.01-19.10.43:014][  0]Cmd: MAP LOAD FILE="../../../Engine/Content/Maps/Templates/Template_Default.umap" TEMPLATE=1 SHOWPROGRESS=1 FEATURELEVEL=3
[2017.10.01-19.10.43:015][  0]LightingResults: New page: Lighting Build
[2017.10.01-19.10.43:045][  0]MapCheck: New page: Map Check
[2017.10.01-19.10.43:045][  0]LightingResults: New page: Lighting Build
[2017.10.01-19.10.43:233][  0]LogAIModule: Creating AISystem for world Untitled_1
[2017.10.01-19.10.43:240][  0]LogEditorServer: Finished looking for orphan Actors (0.000 secs)
[2017.10.01-19.10.43:252][  0]Cmd: MAP CHECKDEP NOCLEARLOG
[2017.10.01-19.10.43:290][  0]MapCheck: Map check complete: 0 Error(s), 0 Warning(s), took 38.173ms to complete.
[2017.10.01-19.10.43:290][  0]LogFileHelpers: Loading map 'Template_Default' took 0.276
[2017.10.01-19.10.43:366][  0]LogWindowsTextInputMethodSystem: Display: IME system now activated using TSF (Microsoft IME).
[2017.10.01-19.10.43:449][  0]LogCollectionManager: Loaded 0 collections in 0.000756 seconds
[2017.10.01-19.10.43:517][  0]LogFileCache: Scanning file cache for directory 'D:/OneDrive/UofT Projects/Unreal/Bowcaster/Saved/Collections/' took 0.01s
[2017.10.01-19.10.43:517][  0]LogFileCache: Scanning file cache for directory 'D:/OneDrive/UofT Projects/Unreal/Bowcaster/Content/Developers/aidan/Collections/' took 0.01s
[2017.10.01-19.10.43:517][  0]LogFileCache: Scanning file cache for directory 'D:/OneDrive/UofT Projects/Unreal/Bowcaster/Content/Collections/' took 0.01s
[2017.10.01-19.10.43:517][  0]LogCollectionManager: Rebuilt the GUID cache for 0 collections in 0.000001 seconds
[2017.10.01-19.10.43:526][  0]LogContentBrowser: Native class hierarchy populated in 0.0093 seconds. Added 2386 classes and 500 folders.
[2017.10.01-19.10.43:571][  0]LogContentBrowser: Native class hierarchy updated for 'WidgetCarousel' in 0.0006 seconds. Added 0 classes and 0 folders.
[2017.10.01-19.10.43:607][  0]LogContentBrowser: Native class hierarchy updated for 'AddContentDialog' in 0.0006 seconds. Added 0 classes and 0 folders.
[2017.10.01-19.10.43:637][  0]LogContentBrowser: Native class hierarchy updated for 'SceneOutliner' in 0.0006 seconds. Added 1 classes and 2 folders.
[2017.10.01-19.10.43:662][  0]LogSlate: Took 0.000231 seconds to synchronously load lazily loaded font '../../../Engine/Content/Slate/Fonts/Roboto-Regular.ttf' (155K)
[2017.10.01-19.10.43:664][  0]LogSlate: Took 0.000216 seconds to synchronously load lazily loaded font '../../../Engine/Content/Slate/Fonts/Roboto-Bold.ttf' (160K)
[2017.10.01-19.10.43:673][  0]LogSlate: Took 0.000282 seconds to synchronously load lazily loaded font '../../../Engine/Content/Editor/Slate/Fonts/FontAwesome.ttf' (139K)
[2017.10.01-19.10.43:780][  0]LogRenderer: Reallocating scene render targets to support 964x436 Format 10 NumSamples 1 (Frame:1).
[2017.10.01-19.10.44:036][  0]LogContentBrowser: Native class hierarchy updated for 'HierarchicalLODOutliner' in 0.0009 seconds. Added 1 classes and 2 folders.
[2017.10.01-19.10.44:037][  0]LogLoad: (Engine Initialization) Total time: 16.87 seconds
[2017.10.01-19.10.44:037][  0]LogLoad: (Engine Initialization) Total Blueprint compile time: 0.00 seconds
[2017.10.01-19.10.44:037][  0]LogExternalProfiler: Found external profiler: VSPerf
[2017.10.01-19.10.44:037][  0]LogExternalProfiler: Using external profiler: VSPerf
[2017.10.01-19.10.44:082][  0]LogContentStreaming: Texture pool size now 1000 MB
[2017.10.01-19.10.44:253][  1]LogAssetRegistry: Asset discovery search completed in 10.1528 seconds
[2017.10.01-19.10.44:255][  1]LogCollectionManager: Rebuilt the object cache for 0 collections in 0.000000 seconds (found 0 objects)
[2017.10.01-19.10.44:255][  1]LogCollectionManager: Fixed up redirectors for 0 collections in 0.000062 seconds (updated 0 objects)
[2017.10.01-19.15.03:283][140]LightingResults: New page: Lighting Build
[2017.10.01-19.15.03:284][140]MapCheck: New page: Map Check
[2017.10.01-19.15.03:284][140]LightingResults: New page: Lighting Build
[2017.10.01-19.15.03:296][140]LogAIModule: Creating AISystem for world Untitled
[2017.10.01-19.15.03:298][140]LoadErrors: New page: New Map
[2017.10.01-19.15.11:662][562]Cmd: BRUSH ADD SELECTNEWBRUSH
[2017.10.01-19.15.33:595][688]LogD3D11RHI: Error: Direct3DDevice->CreateTexture2D(TextureDesc,SubResourceData,OutTexture2D) failed 
 at D:\Build\++UE4+Release-4.17+Compile\Sync\Engine\Source\Runtime\Windows\D3D11RHI\Private\D3D11Texture.cpp:441 
 with error E_OUTOFMEMORY, 
 Size=8192x2048x1 Format=(0x00000035), NumMips=1, Flags=D3D11_BIND_DEPTH_STENCIL D3D11_BIND_SHADER_RESOURCE 
[2017.10.01-19.15.35:684][688]LogConsoleResponse:     34 = 3284 KB (2D 964x436 PF_FloatRGBA RT UAV VRam) SceneColor VRamInKB(Start/Size):<NONE>
[2017.10.01-19.15.35:684][688]LogConsoleResponse:     26 = 3284 KB (2D 964x436 PF_FloatRGBA RT UAV) LightAccumulation
[2017.10.01-19.15.35:684][688]LogConsoleResponse:     56 = 3284 KB (2D 964x436 PF_FloatRGBA RT) SSRTemporalAA
[2017.10.01-19.15.35:684][688]LogConsoleResponse:     20 = 2048 KB (3D 64x64x64 PF_FloatRGBA RT UAV) TranslucentVolume0
[2017.10.01-19.15.35:684][688]LogConsoleResponse:     22 = 2048 KB (3D 64x64x64 PF_FloatRGBA RT UAV) TranslucentVolume1
[2017.10.01-19.15.35:684][688]LogConsoleResponse:     24 = 2048 KB (3D 64x64x64 PF_FloatRGBA RT UAV) TranslucentVolume2
[2017.10.01-19.15.35:684][688]LogConsoleResponse:     21 = 2048 KB (3D 64x64x64 PF_FloatRGBA RT UAV) TranslucentVolumeDir0
[2017.10.01-19.15.35:684][688]LogConsoleResponse:     23 = 2048 KB (3D 64x64x64 PF_FloatRGBA RT UAV) TranslucentVolumeDir1
[2017.10.01-19.15.35:685][688]LogConsoleResponse:     25 = 2048 KB (3D 64x64x64 PF_FloatRGBA RT UAV) TranslucentVolumeDir2
[2017.10.01-19.15.35:685][688]LogConsoleResponse:     17 = 1642 KB (2D 964x436 PF_DepthStencil VRam) SceneDepthZ VRamInKB(Start/Size):<NONE>
[2017.10.01-19.15.35:685][688]LogConsoleResponse:     18 = 821 KB (2D 482x218 PF_DepthStencil) SmallDepthZ
[2017.10.01-19.15.35:685][688]LogConsoleResponse:     27 = 821 KB (2D 964x218 PF_R32_UINT RT UAV) QuadOverdrawBuffer
[2017.10.01-19.15.35:685][688]LogConsoleResponse:     19 = 411 KB (2D 964x436 PF_G8 RT UAV) ScreenSpaceAO
[2017.10.01-19.15.35:685][688]LogConsoleResponse:      3 = 256 KB (2D 256x256 PF_B8G8R8A8) HZBResultsCPU
[2017.10.01-19.15.35:685][688]LogConsoleResponse:      4 = 256 KB (2D 256x256 PF_B8G8R8A8) HZBResultsCPU
[2017.10.01-19.15.35:685][688]LogConsoleResponse:      1 = 256 KB (2D 256x256 PF_B8G8R8A8) HZBResultsCPU
[2017.10.01-19.15.35:685][688]LogConsoleResponse:      2 = 256 KB (2D 256x256 PF_B8G8R8A8) HZBResultsCPU
[2017.10.01-19.15.35:685][688]LogConsoleResponse:     32 = 128 KB (3D 32x32x32 PF_A2B10G10R10 RT) CombineLUTs
[2017.10.01-19.15.35:685][688]LogConsoleResponse:     10 = 64 KB (2D 128x128 PF_B8G8R8A8) PerlinNoiseGradient
[2017.10.01-19.15.35:685][688]LogConsoleResponse:     16 = 16 KB (2D 128x32 PF_G16R16) PreintegratedGF
[2017.10.01-19.15.35:685][688]LogConsoleResponse:     14 = 16 KB (3D 16x16x16 PF_B8G8R8A8) PerlinNoise3D
[2017.10.01-19.15.35:685][688]LogConsoleResponse:     15 = 8 KB (2D 64x64 PF_R8G8) SSAORandomization
[2017.10.01-19.15.35:685][688]LogConsoleResponse:      7 = 1 KB (2D 1x1 PF_B8G8R8A8 RT) BlackAlphaOneDummy
[2017.10.01-19.15.35:685][688]LogConsoleResponse:      6 = 1 KB (2D 1x1 PF_B8G8R8A8 RT) BlackDummy
[2017.10.01-19.15.35:685][688]LogConsoleResponse:      9 = 1 KB (2D 1x1 PF_B8G8R8A8 RT) DefaultNormal8Bit
[2017.10.01-19.15.35:685][688]LogConsoleResponse:      8 = 1 KB (2D 1x1 PF_B8G8R8A8 RT) GreenDummy
[2017.10.01-19.15.35:685][688]LogConsoleResponse:      5 = 1 KB (2D 1x1 PF_B8G8R8A8 RT) WhiteDummy
[2017.10.01-19.15.35:685][688]LogConsoleResponse:     13 = 1 KB (2D 1x1 PF_DepthStencil) DepthDummy
[2017.10.01-19.15.35:685][688]LogConsoleResponse:     12 = 1 KB (2D 1x1 PF_FloatRGBA RT) MaxFP16Depth
[2017.10.01-19.15.35:685][688]LogConsoleResponse:     45 = 1 KB (2D 1x1 PF_G32R32F RT UAV) EyeAdaptation
[2017.10.01-19.15.35:685][688]LogConsoleResponse:     11 = 1 KB (2D 32x16 PF_R16_UINT) SobolSampling
[2017.10.01-19.15.35:685][688]LogConsoleResponse:     70 = 0 KB (2D 8192x2048 PF_ShadowDepth) UnknownTexture2D
[2017.10.01-19.15.35:685][688]LogConsoleResponse: 
[2017.10.01-19.15.35:685][688]LogConsoleResponse: Pool: 24/27 MB (referenced/allocated)
[2017.10.01-19.15.35:685][688]LogWindows: FPlatformMisc::RequestExit(1)
[2017.10.01-19.15.35:685][688]Log file closed, 10/01/17 15:15:35
