Log file open, 10/01/17 15:20:42
LogWindows: Failed to load 'aqProf.dll' (GetLastError=126)
LogWindows: File 'aqProf.dll' does not exist
LogWindows: Failed to load 'VtuneApi.dll' (GetLastError=126)
LogWindows: File 'VtuneApi.dll' does not exist
LogWindows: Failed to load 'VtuneApi32e.dll' (GetLastError=126)
LogWindows: File 'VtuneApi32e.dll' does not exist
LogInit: Display: Running engine for game: Bowcaster
LogPlatformFile: Not using cached read wrapper
LogInit: Display: RandInit(1853660037) SRandInit(1853660037).
LogTaskGraph: Started task graph with 5 named threads and 14 total threads with 3 sets of task threads.
LogStats: Stats thread started at 0.169981
LogD3D11RHI: Aftermath initialized
LogPluginManager: Mounting plugin Paper2D
LogPluginManager: Mounting plugin LightPropagationVolume
LogPluginManager: Mounting plugin CodeLiteSourceCodeAccess
LogPluginManager: Mounting plugin GitSourceControl
LogPluginManager: Mounting plugin KDevelopSourceCodeAccess
LogPluginManager: Mounting plugin NullSourceCodeAccess
LogPluginManager: Mounting plugin PerforceSourceControl
LogPluginManager: Mounting plugin SubversionSourceControl
LogPluginManager: Mounting plugin UObjectPlugin
LogPluginManager: Mounting plugin VisualStudioSourceCodeAccess
LogPluginManager: Mounting plugin XCodeSourceCodeAccess
LogPluginManager: Mounting plugin AssetManagerEditor
LogPluginManager: Mounting plugin AudioCapture
LogPluginManager: Mounting plugin FacialAnimation
LogPluginManager: Mounting plugin GameplayTagsEditor
LogPluginManager: Mounting plugin MobileLauncherProfileWizard
LogPluginManager: Mounting plugin PluginBrowser
LogPluginManager: Mounting plugin SpeedTreeImporter
LogPluginManager: Mounting plugin AlembicImporter
LogPluginManager: Mounting plugin CharacterAI
LogPluginManager: Mounting plugin HTML5Networking
LogPluginManager: Mounting plugin AndroidMedia
LogPluginManager: Mounting plugin AvfMedia
LogPluginManager: Mounting plugin MediaPlayerEditor
LogPluginManager: Mounting plugin WmfMedia
LogPluginManager: Mounting plugin TcpMessaging
LogPluginManager: Mounting plugin UdpMessaging
LogPluginManager: Mounting plugin LevelSequenceEditor
LogPluginManager: Mounting plugin MatineeToLevelSequence
LogPluginManager: Mounting plugin OnlineSubsystemGooglePlay
LogPluginManager: Mounting plugin OnlineSubsystemIOS
LogPluginManager: Mounting plugin OnlineSubsystem
LogPluginManager: Mounting plugin OnlineSubsystemNull
LogPluginManager: Mounting plugin OnlineSubsystemUtils
LogPluginManager: Mounting plugin AndroidDeviceProfileSelector
LogPluginManager: Mounting plugin AndroidMoviePlayer
LogPluginManager: Mounting plugin AndroidPermission
LogPluginManager: Mounting plugin AppleMoviePlayer
LogPluginManager: Mounting plugin ArchVisCharacter
LogPluginManager: Mounting plugin CableComponent
LogPluginManager: Mounting plugin CustomMeshComponent
LogPluginManager: Mounting plugin ExampleDeviceProfileSelector
LogPluginManager: Mounting plugin GoogleCloudMessaging
LogPluginManager: Mounting plugin ImmediatePhysics
LogPluginManager: Mounting plugin IOSDeviceProfileSelector
LogPluginManager: Mounting plugin LinuxDeviceProfileSelector
LogPluginManager: Mounting plugin LocationServicesBPLibrary
LogPluginManager: Mounting plugin MobilePatchingUtils
LogPluginManager: Mounting plugin OculusVR
LogPluginManager: Mounting plugin PhysXVehicles
LogPluginManager: Mounting plugin ProceduralMeshComponent
LogPluginManager: Mounting plugin RuntimePhysXCooking
LogPluginManager: Mounting plugin SteamVR
LogPluginManager: Mounting plugin WindowsMoviePlayer
LogInit: Using libcurl 7.47.1
LogInit:  - built for x86_64-pc-win32
LogInit:  - supports SSL with OpenSSL/1.0.2g
LogInit:  - supports HTTP deflate (compression) using libz 1.2.8
LogInit:  - other features:
LogInit:      CURL_VERSION_SSL
LogInit:      CURL_VERSION_LIBZ
LogInit:      CURL_VERSION_IPV6
LogInit:      CURL_VERSION_ASYNCHDNS
LogInit:      CURL_VERSION_LARGEFILE
LogInit:      CURL_VERSION_IDN
LogInit:  CurlRequestOptions (configurable via config and command line):
LogInit:  - bVerifyPeer = false  - Libcurl will NOT verify peer certificate
LogInit:  - bUseHttpProxy = false  - Libcurl will NOT use HTTP proxy
LogInit:  - bDontReuseConnections = false  - Libcurl will reuse connections
LogInit:  - CertBundlePath = nullptr  - Libcurl will use whatever was configured at build time.
LogInit: Build: ++UE4+Release-4.17-CL-3658906
LogInit: Engine Version: 4.17.2-3658906+++UE4+Release-4.17
LogInit: Compatible Engine Version: 4.17.0-3573198+++UE4+Release-4.17
LogInit: Net CL: 3573198
LogDevObjectVersion: Number of dev versions registered: 16
LogDevObjectVersion:   Dev-Blueprints (B0D832E4-1F89-4F0D-ACCF-7EB736FD4AA2): 10
LogDevObjectVersion:   Dev-Build (E1C64328-A22C-4D53-A36C-8E866417BD8C): 0
LogDevObjectVersion:   Dev-Core (375EC13C-06E4-48FB-B500-84F0262A717E): 2
LogDevObjectVersion:   Dev-Editor (E4B068ED-F494-42E9-A231-DA0B2E46BB41): 20
LogDevObjectVersion:   Dev-Framework (CFFC743F-43B0-4480-9391-14DF171D2073): 28
LogDevObjectVersion:   Dev-Mobile (B02B49B5-BB20-44E9-A304-32B752E40360): 0
LogDevObjectVersion:   Dev-Networking (A4E4105C-59A1-49B5-A7C5-40C4547EDFEE): 0
LogDevObjectVersion:   Dev-Online (39C831C9-5AE6-47DC-9A44-9C173E1C8E7C): 0
LogDevObjectVersion:   Dev-Physics (78F01B33-EBEA-4F98-B9B4-84EACCB95AA2): 0
LogDevObjectVersion:   Dev-Platform (6631380F-2D4D-43E0-8009-CF276956A95A): 0
LogDevObjectVersion:   Dev-Rendering (12F88B9F-8875-4AFC-A67C-D90C383ABD29): 19
LogDevObjectVersion:   Dev-Sequencer (7B5AE74C-D270-4C10-A958-57980B212A5A): 4
LogDevObjectVersion:   Dev-VR (D7296918-1DD6-4BDD-9DE2-64A83CC13884): 0
LogDevObjectVersion:   Dev-LoadTimes (C2A15278-BFE7-4AFE-6C17-90FF531DF755): 1
LogDevObjectVersion:   Private-Geometry (6EACA3D4-40EC-4CC1-B786-8BED09428FC5): 1
LogDevObjectVersion:   Dev-AnimPhys (29E575DD-E0A3-4627-9D10-D276232CDCEA): 7
LogInit: Compiled (64-bit): Sep 22 2017 13:47:16
LogInit: Compiled with Visual C++: 19.00.24215.01
LogInit: Build Configuration: Development
LogInit: Branch Name: ++UE4+Release-4.17
LogInit: Command line: -EpicPortal 
LogInit: Base directory: D:/Program Files/UE_4.17/Engine/Binaries/Win64/
LogInit: Installed Engine Build: 1
LogInit: Presizing for max 8388607 objects, including 0 objects not considered by GC, pre-allocating 0 bytes for permanent pool.
LogInit: Object subsystem initialized
[2017.10.01-19.20.43:029][  0]LogInit: Selected Device Profile: [Windows]
[2017.10.01-19.20.43:029][  0]LogInit: Applying CVar settings loaded from the selected device profile: [Windows]
[2017.10.01-19.20.43:056][  0]LogInit: Computer: MSI
[2017.10.01-19.20.43:056][  0]LogInit: User: aidan
[2017.10.01-19.20.43:056][  0]LogInit: CPU Page size=4096, Cores=4
[2017.10.01-19.20.43:056][  0]LogInit: High frequency timer resolution =2.531249 MHz
[2017.10.01-19.20.43:057][  0]LogMemory: Memory total: Physical=15.9GB (16GB approx)
[2017.10.01-19.20.43:058][  0]LogMemory: Platform Memory Stats for Windows
[2017.10.01-19.20.43:058][  0]LogMemory: Process Physical Memory: 278.78 MB used, 278.78 MB peak
[2017.10.01-19.20.43:058][  0]LogMemory: Process Virtual Memory: 282.57 MB used, 282.57 MB peak
[2017.10.01-19.20.43:058][  0]LogMemory: Physical Memory: 11215.38 MB used,  5044.44 MB free, 16259.82 MB total
[2017.10.01-19.20.43:058][  0]LogMemory: Virtual Memory: 677.22 MB used,  5044.44 MB free, 134217728.00 MB total
[2017.10.01-19.20.43:770][  0]LogInit: Using OS detected language (en-US).
[2017.10.01-19.20.43:770][  0]LogInit: Using OS detected locale (en-CA).
[2017.10.01-19.20.43:773][  0]LogTextLocalizationManager: No specific localization for 'en-US' exists, so the 'en' localization will be used.
[2017.10.01-19.20.44:501][  0]LogD3D11RHI: D3D11 adapters:
[2017.10.01-19.20.45:139][  0]LogD3D11RHI:    0. 'NVIDIA GeForce GTX 960M' (Feature Level 11_0)
[2017.10.01-19.20.45:139][  0]LogD3D11RHI:       2019/0/8129 MB DedicatedVideo/DedicatedSystem/SharedSystem, Outputs:1, VendorId:0x10de
[2017.10.01-19.20.45:146][  0]LogD3D11RHI:    1. 'Intel(R) HD Graphics 530' (Feature Level 11_0)
[2017.10.01-19.20.45:146][  0]LogD3D11RHI:       128/0/8129 MB DedicatedVideo/DedicatedSystem/SharedSystem, Outputs:0, VendorId:0x8086
[2017.10.01-19.20.45:148][  0]LogD3D11RHI:    2. 'Microsoft Basic Render Driver' (Feature Level 11_0)
[2017.10.01-19.20.45:148][  0]LogD3D11RHI:       0/0/8129 MB DedicatedVideo/DedicatedSystem/SharedSystem, Outputs:0, VendorId:0x1414
[2017.10.01-19.20.45:148][  0]LogD3D11RHI: Chosen D3D11 Adapter: 0
[2017.10.01-19.20.45:153][  0]LogD3D11RHI: Creating new Direct3DDevice
[2017.10.01-19.20.45:153][  0]LogD3D11RHI:     GPU DeviceId: 0x139b (for the marketing name, search the web for "GPU Device Id")
[2017.10.01-19.20.45:153][  0]LogWindows: EnumDisplayDevices:
[2017.10.01-19.20.45:154][  0]LogWindows:    0. 'Intel(R) HD Graphics 530' (P:1 D:1)
[2017.10.01-19.20.45:154][  0]LogWindows:    1. 'Intel(R) HD Graphics 530' (P:0 D:0)
[2017.10.01-19.20.45:154][  0]LogWindows:    2. 'Intel(R) HD Graphics 530' (P:0 D:0)
[2017.10.01-19.20.45:154][  0]LogWindows: DebugString: PrimaryIsNotTheChoosenAdapter PrimaryIsNotTheChoosenAdapter PrimaryIsNotTheChoosenAdapter FoundDriverCount:0 
[2017.10.01-19.20.45:154][  0]LogD3D11RHI:     Adapter Name: NVIDIA GeForce GTX 960M
[2017.10.01-19.20.45:154][  0]LogD3D11RHI:   Driver Version: Unknown (internal:Unknown, unified:Unknown)
[2017.10.01-19.20.45:154][  0]LogD3D11RHI:      Driver Date: Unknown
[2017.10.01-19.20.45:154][  0]LogRHI: Texture pool is 1361 MB (70% of 1945 MB)
[2017.10.01-19.20.45:762][  0]LogD3D11RHI: Async texture creation enabled
[2017.10.01-19.20.45:829][  0]LogD3D11RHI: GPU Timing Frequency: 1000.000000 (Debug: 2 1)
[2017.10.01-19.20.45:832][  0]LogShaderCompilers: Guid format shader working directory is -8 characters bigger than the processId version (../../../../../OneDrive/UofT Projects/Unreal/Bowcaster/Intermediate/Shaders/WorkingDirectory/1980/).
[2017.10.01-19.20.45:833][  0]LogShaderCompilers: Cleaned the shader compiler working directory 'C:/Users/aidan/AppData/Local/Temp/UnrealShaderWorkingDir/6BC695194246023B506DE3AA261CC9B6/'.
[2017.10.01-19.20.45:833][  0]LogShaderCompilers: Display: Using Local Shader Compiler.
[2017.10.01-19.20.46:744][  0]LogTemp: Display: Loaded TP AllDesktopTargetPlatform
[2017.10.01-19.20.46:797][  0]LogTemp: Display: Loaded TP MacClientTargetPlatform
[2017.10.01-19.20.46:837][  0]LogTemp: Display: Loaded TP MacNoEditorTargetPlatform
[2017.10.01-19.20.46:876][  0]LogTemp: Display: Loaded TP MacServerTargetPlatform
[2017.10.01-19.20.46:915][  0]LogTemp: Display: Loaded TP MacTargetPlatform
[2017.10.01-19.20.46:955][  0]LogTemp: Display: Loaded TP WindowsClientTargetPlatform
[2017.10.01-19.20.47:011][  0]LogTemp: Display: Loaded TP WindowsNoEditorTargetPlatform
[2017.10.01-19.20.47:049][  0]LogTemp: Display: Loaded TP WindowsServerTargetPlatform
[2017.10.01-19.20.47:082][  0]LogTemp: Display: Loaded TP WindowsTargetPlatform
[2017.10.01-19.20.47:119][  0]LogTemp: Display: Loaded TP AndroidTargetPlatform
[2017.10.01-19.20.47:158][  0]LogTemp: Display: Loaded TP Android_ASTCTargetPlatform
[2017.10.01-19.20.47:197][  0]LogTemp: Display: Loaded TP Android_ATCTargetPlatform
[2017.10.01-19.20.47:234][  0]LogTemp: Display: Loaded TP Android_DXTTargetPlatform
[2017.10.01-19.20.47:273][  0]LogTemp: Display: Loaded TP Android_ETC1TargetPlatform
[2017.10.01-19.20.47:311][  0]LogTemp: Display: Loaded TP Android_ETC2TargetPlatform
[2017.10.01-19.20.47:402][  0]LogTemp: Display: Loaded TP Android_MultiTargetPlatform
[2017.10.01-19.20.47:403][  0]LogTemp: Display: Loaded TP Android_PVRTCTargetPlatform
[2017.10.01-19.20.47:429][  0]LogTemp: Display: Loaded TP HTML5TargetPlatform
[2017.10.01-19.20.47:505][  0]LogTemp: Display: Loaded TP IOSTargetPlatform
[2017.10.01-19.20.47:540][  0]LogTemp: Display: Loaded TP TVOSTargetPlatform
[2017.10.01-19.20.47:609][  0]LogTemp: Display: Loaded TP LinuxClientTargetPlatform
[2017.10.01-19.20.47:660][  0]LogTemp: Display: Loaded TP LinuxNoEditorTargetPlatform
[2017.10.01-19.20.47:698][  0]LogTemp: Display: Loaded TP LinuxServerTargetPlatform
[2017.10.01-19.20.47:738][  0]LogTemp: Display: Loaded TP LinuxTargetPlatform
[2017.10.01-19.20.47:738][  0]LogTargetPlatformManager: Display: Building Assets For Windows
[2017.10.01-19.20.48:103][  0]LogDerivedDataCache: Display: Max Cache Size: 512 MB
[2017.10.01-19.20.48:187][  0]LogDerivedDataCache: Loaded boot cache 0.08s 93MB C:/Users/aidan/AppData/Local/UnrealEngine/4.17/DerivedDataCache/Boot.ddc.
[2017.10.01-19.20.48:187][  0]LogDerivedDataCache: Display: Loaded Boot cache: C:/Users/aidan/AppData/Local/UnrealEngine/4.17/DerivedDataCache/Boot.ddc
[2017.10.01-19.20.48:187][  0]LogDerivedDataCache: FDerivedDataBackendGraph:  Pak pak cache file ../../../../../OneDrive/UofT Projects/Unreal/Bowcaster/DerivedDataCache/DDC.ddp not found, will not use a pak cache.
[2017.10.01-19.20.48:187][  0]LogDerivedDataCache: Unable to find inner node Pak for hierarchical cache Hierarchy.
[2017.10.01-19.20.48:187][  0]LogDerivedDataCache: FDerivedDataBackendGraph:  CompressedPak pak cache file ../../../../../OneDrive/UofT Projects/Unreal/Bowcaster/DerivedDataCache/Compressed.ddp not found, will not use a pak cache.
[2017.10.01-19.20.48:187][  0]LogDerivedDataCache: Unable to find inner node CompressedPak for hierarchical cache Hierarchy.
[2017.10.01-19.20.48:206][  0]LogDerivedDataCache: Display: Pak cache opened for reading ../../../Engine/DerivedDataCache/Compressed.ddp.
[2017.10.01-19.20.48:219][  0]LogDerivedDataCache: Using Local data cache path C:/Users/aidan/AppData/Local/UnrealEngine/Common/DerivedDataCache: Writable
[2017.10.01-19.20.48:230][  0]LogMaterial: Verifying Global Shaders for PCD3D_SM5
[2017.10.01-19.20.48:230][  0]LogSlate: Using Freetype 2.6.0
[2017.10.01-19.20.48:231][  0]LogSlate: SlateFontCache - WITH_FREETYPE: 1, WITH_HARFBUZZ: 1
[2017.10.01-19.20.48:231][  0]LogSlate: SlateFontCache - WITH_FREETYPE: 1, WITH_HARFBUZZ: 1
[2017.10.01-19.20.48:516][  0]LogAssetRegistry: FAssetRegistry took 0.0262 seconds to start up
[2017.10.01-19.20.48:625][  0]LogInit: Selected Device Profile: [Windows]
[2017.10.01-19.20.48:748][  0]LogContentStreaming: Texture pool size is 0.00 MB
[2017.10.01-19.20.49:021][  0]LogSimplygon: Simplygon DLL not present - disabling.
[2017.10.01-19.20.49:049][  0]LogMeshReduction: Using SimplygonSwarm for distributed automatic mesh merging
[2017.10.01-19.20.49:049][  0]LogMeshReduction: Using QuadricMeshReduction for automatic static mesh reduction
[2017.10.01-19.20.49:049][  0]LogMeshReduction: No automatic skeletal mesh reduction module available
[2017.10.01-19.20.49:049][  0]LogMeshReduction: No automatic mesh merging module available
[2017.10.01-19.20.49:049][  0]LogMeshMerging: No automatic mesh merging module available
[2017.10.01-19.20.49:371][  0]LogNetVersion: Bowcaster , NetCL: 3573198, EngineNetVer: 2, GameNetVer: 0 (Checksum: 4119434037)
[2017.10.01-19.20.49:553][  0]LogPackageLocalizationCache: Processed 5 localized package path(s) for 2 prioritized culture(s) in 0.040435 seconds
[2017.10.01-19.20.49:559][  0]LogUObjectArray: 35825 objects as part of root set at end of initial load.
[2017.10.01-19.20.49:559][  0]LogUObjectAllocator: 7529104 out of 0 bytes used by permanent object pool.
[2017.10.01-19.20.49:559][  0]LogUObjectArray: CloseDisregardForGC: 0/0 objects in disregard for GC pool
[2017.10.01-19.20.49:601][  0]LogInit: WinSock: version 1.1 (2.2), MaxSocks=32767, MaxUdp=65467
[2017.10.01-19.20.51:825][  0]LogTcpMessaging: Initializing TcpMessaging bridge
[2017.10.01-19.20.51:855][  0]LogUdpMessaging: Initializing bridge on interface 0.0.0.0:0 to multicast group 230.0.0.1:6666.
[2017.10.01-19.20.52:334][  0]LogMaterial: Uniform references updated for custom material expression Custom.
[2017.10.01-19.20.52:656][  0]SourceControl: Source control is disabled
[2017.10.01-19.20.52:656][  0]SourceControl: Source control is disabled
[2017.10.01-19.20.52:723][  0]SourceControl: Source control is disabled
[2017.10.01-19.20.52:769][  0]SourceControl: Source control is disabled
[2017.10.01-19.20.53:237][  0]LogAndroidPermission: UAndroidPermissionCallbackProxy::GetInstance
[2017.10.01-19.20.53:437][  0]LogOcInput: OculusInput pre-init called
[2017.10.01-19.20.53:655][  0]LogEngine: Initializing Engine...
[2017.10.01-19.20.53:657][  0]LogHMD: Failed to initialize OpenVR with code 110
[2017.10.01-19.20.53:872][  0]LogStats: UGameplayTagsManager::ConstructGameplayTagTree: Construct from data asset -  0.000 s
[2017.10.01-19.20.53:872][  0]LogStats: UGameplayTagsManager::ConstructGameplayTagTree: GameplayTagTreeChangedEvent.Broadcast -  0.000 s
[2017.10.01-19.20.53:964][  0]LogAIModule: Creating AISystem for world Untitled
[2017.10.01-19.20.53:979][  0]LogInit: XAudio2 using 'Speakers (Realtek High Definition Audio)' : 6 channels at 48 kHz using 32 bits per sample (channel mask 0x3f)
[2017.10.01-19.20.54:028][  0]LogInit: FAudioDevice initialized.
[2017.10.01-19.20.54:122][  0]LogDerivedDataCache: Saved boot cache 0.09s 93MB C:/Users/aidan/AppData/Local/UnrealEngine/4.17/DerivedDataCache/Boot.ddc.
[2017.10.01-19.20.54:148][  0]LogInit: Texture streaming: Enabled
[2017.10.01-19.20.54:227][  0]LogEngineSessionManager: EngineSessionManager initialized
[2017.10.01-19.20.54:381][  0]LogInit: Transaction tracking system initialized
[2017.10.01-19.20.54:601][  0]BlueprintLog: New page: Editor Load
[2017.10.01-19.20.55:225][  0]LocalizationService: Localization service is disabled
[2017.10.01-19.20.55:748][  0]LogConsoleResponse: Display: 
[2017.10.01-19.20.55:913][  0]LogCook: Display: Max memory allowance for cook 16384mb min free memory 0mb
[2017.10.01-19.20.55:913][  0]LogFileCache: Scanning file cache for directory 'D:/OneDrive/UofT Projects/Unreal/Bowcaster/Content/' took 0.01s
[2017.10.01-19.20.55:913][  0]LogCook: Display: Mobile HDR setting 1
[2017.10.01-19.20.55:913][  0]LogGameplayTags: Display: UGameplayTagsManager::DoneAddingNativeTags. DelegateIsBound: 0
[2017.10.01-19.20.56:641][  0]SourceControl: Source control is disabled
[2017.10.01-19.20.56:641][  0]Cmd: MAP LOAD FILE="../../../Engine/Content/Maps/Templates/Template_Default.umap" TEMPLATE=1 SHOWPROGRESS=1 FEATURELEVEL=3
[2017.10.01-19.20.56:642][  0]LightingResults: New page: Lighting Build
[2017.10.01-19.20.56:669][  0]MapCheck: New page: Map Check
[2017.10.01-19.20.56:670][  0]LightingResults: New page: Lighting Build
[2017.10.01-19.20.56:852][  0]LogAIModule: Creating AISystem for world Untitled_1
[2017.10.01-19.20.56:857][  0]LogEditorServer: Finished looking for orphan Actors (0.000 secs)
[2017.10.01-19.20.56:870][  0]Cmd: MAP CHECKDEP NOCLEARLOG
[2017.10.01-19.20.56:906][  0]MapCheck: Map check complete: 0 Error(s), 0 Warning(s), took 36.062ms to complete.
[2017.10.01-19.20.56:906][  0]LogFileHelpers: Loading map 'Template_Default' took 0.265
[2017.10.01-19.20.56:990][  0]LogWindowsTextInputMethodSystem: Display: IME system now activated using TSF (Microsoft IME).
[2017.10.01-19.20.57:074][  0]LogCollectionManager: Loaded 0 collections in 0.000823 seconds
[2017.10.01-19.20.57:145][  0]LogFileCache: Scanning file cache for directory 'D:/OneDrive/UofT Projects/Unreal/Bowcaster/Saved/Collections/' took 0.01s
[2017.10.01-19.20.57:145][  0]LogFileCache: Scanning file cache for directory 'D:/OneDrive/UofT Projects/Unreal/Bowcaster/Content/Developers/aidan/Collections/' took 0.01s
[2017.10.01-19.20.57:145][  0]LogFileCache: Scanning file cache for directory 'D:/OneDrive/UofT Projects/Unreal/Bowcaster/Content/Collections/' took 0.01s
[2017.10.01-19.20.57:145][  0]LogCollectionManager: Rebuilt the GUID cache for 0 collections in 0.000001 seconds
[2017.10.01-19.20.57:155][  0]LogContentBrowser: Native class hierarchy populated in 0.0095 seconds. Added 2386 classes and 500 folders.
[2017.10.01-19.20.57:201][  0]LogContentBrowser: Native class hierarchy updated for 'WidgetCarousel' in 0.0010 seconds. Added 0 classes and 0 folders.
[2017.10.01-19.20.57:236][  0]LogContentBrowser: Native class hierarchy updated for 'AddContentDialog' in 0.0008 seconds. Added 0 classes and 0 folders.
[2017.10.01-19.20.57:266][  0]LogContentBrowser: Native class hierarchy updated for 'SceneOutliner' in 0.0007 seconds. Added 1 classes and 2 folders.
[2017.10.01-19.20.57:306][  0]LogSlate: Took 0.000218 seconds to synchronously load lazily loaded font '../../../Engine/Content/Slate/Fonts/Roboto-Regular.ttf' (155K)
[2017.10.01-19.20.57:309][  0]LogSlate: Took 0.000445 seconds to synchronously load lazily loaded font '../../../Engine/Content/Slate/Fonts/Roboto-Bold.ttf' (160K)
[2017.10.01-19.20.57:316][  0]LogSlate: Took 0.000226 seconds to synchronously load lazily loaded font '../../../Engine/Content/Editor/Slate/Fonts/FontAwesome.ttf' (139K)
[2017.10.01-19.20.57:429][  0]LogRenderer: Reallocating scene render targets to support 964x436 Format 10 NumSamples 1 (Frame:1).
[2017.10.01-19.20.57:625][  0]LogContentBrowser: Native class hierarchy updated for 'HierarchicalLODOutliner' in 0.0006 seconds. Added 1 classes and 2 folders.
[2017.10.01-19.20.57:625][  0]LogLoad: (Engine Initialization) Total time: 15.94 seconds
[2017.10.01-19.20.57:625][  0]LogLoad: (Engine Initialization) Total Blueprint compile time: 0.00 seconds
[2017.10.01-19.20.57:625][  0]LogExternalProfiler: Found external profiler: VSPerf
[2017.10.01-19.20.57:625][  0]LogExternalProfiler: Using external profiler: VSPerf
[2017.10.01-19.20.57:662][  0]LogAssetRegistry: Asset discovery search completed in 9.1685 seconds
[2017.10.01-19.20.57:664][  0]LogCollectionManager: Rebuilt the object cache for 0 collections in 0.000000 seconds (found 0 objects)
[2017.10.01-19.20.57:664][  0]LogCollectionManager: Fixed up redirectors for 0 collections in 0.000056 seconds (updated 0 objects)
[2017.10.01-19.20.57:667][  0]LogContentStreaming: Texture pool size now 1000 MB
[2017.10.01-19.21.12:122][594]LightingResults: New page: Lighting Build
[2017.10.01-19.21.12:122][594]MapCheck: New page: Map Check
[2017.10.01-19.21.12:123][594]LightingResults: New page: Lighting Build
[2017.10.01-19.21.12:133][594]LogAIModule: Creating AISystem for world Untitled
[2017.10.01-19.21.12:135][594]LoadErrors: New page: New Map
[2017.10.01-19.21.25:426][302]Cmd: BRUSH ADD SELECTNEWBRUSH
[2017.10.01-19.21.37:339][957]LogEditorViewport: Clicking on Actor (LMB): DirectionalLight (DirectionalLight)
[2017.10.01-19.21.42:209][245]LogEditorViewport: Clicking Background
[2017.10.01-19.21.50:667][567]LogSlate: Took 0.000169 seconds to synchronously load lazily loaded font '../../../Engine/Content/Slate/Fonts/Roboto-Light.ttf' (159K)
[2017.10.01-19.22.39:115][235]LogSlate: Took 0.000273 seconds to synchronously load lazily loaded font '../../../Engine/Content/Slate/Fonts/Roboto-Light.ttf' (159K)
[2017.10.01-19.22.39:210][235]LogFactory: FactoryCreateFile: StaticMesh with FbxFactory (0 0 D:\OneDrive\UofT Projects\BaseModel.FBX)
[2017.10.01-19.22.39:330][235]LogFbx: ItemName: GlobalSettings, ItemCount : 1
[2017.10.01-19.22.39:330][235]LogFbx: ItemName: AnimationStack, ItemCount : 1
[2017.10.01-19.22.39:330][235]LogFbx: ItemName: AnimationLayer, ItemCount : 1
[2017.10.01-19.22.39:330][235]LogFbx: ItemName: Model, ItemCount : 1
[2017.10.01-19.22.39:330][235]LogFbx: ItemName: Geometry, ItemCount : 1
[2017.10.01-19.22.39:386][235]LogFbx: Loading FBX Scene from D:\OneDrive\UofT Projects\BaseModel.FBX
[2017.10.01-19.22.39:419][235]LogFbx: FBX Scene Loaded Succesfully
[2017.10.01-19.22.53:776][235]LogFbx: Loading FBX Scene from D:\OneDrive\UofT Projects\BaseModel.FBX
[2017.10.01-19.22.53:789][235]LogFbx: FBX Scene Loaded Succesfully
[2017.10.01-19.22.53:813][235]LogStaticMesh: Building static mesh BaseModel...
[2017.10.01-19.22.53:916][235]LogStaticMesh: Built static mesh [0.10s] /Game/Art/Geometry/BaseModel.BaseModel
[2017.10.01-19.22.53:976][235]FBXImport: Warning: No smoothing group information was found in this FBX scene.  Please make sure to enable the 'Export Smoothing Groups' option in the FBX Exporter plug-in before exporting the file.  Even for tools that don't support smoothing groups, the FBX Exporter will generate appropriate smoothing data at export-time so that correct vertex normals can be inferred while importing. 
[2017.10.01-19.22.58:094][347]LogActorFactory: Actor Factory created BaseModel
[2017.10.01-19.22.59:271][415]LogActorFactory: Actor Factory created BaseModel
[2017.10.01-19.23.03:690][677]LogEditorViewport: Clicking Background
[2017.10.01-19.23.06:815][864]LogEditorViewport: Clicking on Actor (LMB): DirectionalLight (DirectionalLight)
[2017.10.01-19.23.11:936][168]LogEditorViewport: Clicking Background
[2017.10.01-19.23.16:603][428]MapCheck: New page: Map Check
[2017.10.01-19.23.16:712][428]Cmd: MAP REBUILD ALLVISIBLE
[2017.10.01-19.23.16:715][428]LogEditorServer: Rebuildmap Clear paths rebuilt
[2017.10.01-19.23.16:926][428]LogMaterial: Missing cached shader map for material FDebugViewModeMaterialProxy WorldGridMaterial, compiling. Is special engine material.
[2017.10.01-19.23.17:392][428]TextureStreamingBuild: Display: Compiling optional shaders took 0.493 seconds.
[2017.10.01-19.23.17:402][428]LogLevel: Display: Export Material TexCoord Scales took 0.010 seconds.
[2017.10.01-19.23.17:421][428]TextureStreamingBuild: Display: Build Texture Streaming took 0.009 seconds.
[2017.10.01-19.23.17:430][428]LightingResults: New page: Lighting Build - Oct 1, 2017, 11:23:17 AM
[2017.10.01-19.23.17:478][428]LogSwarmInterface: [OpenConnection] Registering TCP channel ...
[2017.10.01-19.23.17:541][428]LogSwarmInterface: [OpenConnection] Connecting to agent ...
[2017.10.01-19.23.17:552][428]LogSwarmInterface: [TryOpenConnection] Testing the Agent
[2017.10.01-19.23.18:087][428]LogSwarmInterface: [TryOpenConnection] Opening Connection to Agent
[2017.10.01-19.23.18:087][428]LogSwarmInterface: [TryOpenConnection] Local Process ID is 1980
[2017.10.01-19.23.20:704][428]LogStaticLightingSystem: Warning: No importance volume found, so the scene bounding box was used.  You can optimize your scene's quality and lighting build times by adding importance volumes.
[2017.10.01-19.23.20:746][428]LogStaticLightingSystem: Running Lightmass w/ ImmediateImport mode ENABLED
[2017.10.01-19.23.20:746][428]LogStaticLightingSystem: Running Lightmass w/ ImmediateProcess mode ENABLED
[2017.10.01-19.23.20:746][428]LogStaticLightingSystem: Running Lightmass w/ Sorting mode ENABLED
[2017.10.01-19.23.20:746][428]LogStaticLightingSystem: Running Lightmass w/ Mapping paddings ENABLED
[2017.10.01-19.23.20:746][428]LogStaticLightingSystem: Running Lightmass w/ Mapping debug paddings DISABLED
[2017.10.01-19.23.21:080][428]Cmd: MAP CHECK DONTDISPLAYDIALOG
[2017.10.01-19.23.21:080][428]MapCheck: New page: Untitled_2 - Oct 1, 2017, 11:23:21 AM
[2017.10.01-19.23.21:098][428]MapCheck: Error: WorldSettings Maps need lighting rebuilt 
[2017.10.01-19.23.21:134][428]MapCheck: Map check complete: 1 Error(s), 0 Warning(s), took 53.766ms to complete.
[2017.10.01-19.23.21:156][428]LogEditorBuildUtils: Build time 0:04
[2017.10.01-19.23.22:578][440]Job has failed! Job executable didn't exit cleanly. Exit code: -1066598274
[2017.10.01-19.23.22:686][440]LogStaticLightingSystem: Warning: Failed to build lighting!!! Lighting build failed.
[2017.10.01-19.23.27:712][440]DumpUnbuiltLightIteractions
[2017.10.01-19.23.27:712][440]Lights with unbuilt interactions: 1
[2017.10.01-19.23.27:712][440]    Light DirectionalLight_1
[2017.10.01-19.23.27:712][440]
[2017.10.01-19.23.27:712][440]Primitives with unbuilt interactions: 1
[2017.10.01-19.23.27:712][440]    Primitive StaticMeshComponent /Temp/Untitled_2.Untitled:PersistentLevel.BaseModel_2.StaticMeshComponent0
[2017.10.01-19.23.27:906][441]Cmd: MAP CHECK NOTIFYRESULTS
[2017.10.01-19.23.27:906][441]MapCheck: New page: Untitled_2 - Oct 1, 2017, 11:23:27 AM
[2017.10.01-19.23.27:931][441]MapCheck: Error: WorldSettings Maps need lighting rebuilt 
[2017.10.01-19.23.27:968][441]MapCheck: Map check complete: 1 Error(s), 0 Warning(s), took 61.2ms to complete.
[2017.10.01-19.23.31:687][527]LogEditorViewport: Clicking Background
[2017.10.01-19.23.35:797][586]MapCheck: New page: Map Check
[2017.10.01-19.23.35:849][586]Cmd: MAP REBUILD ALLVISIBLE
[2017.10.01-19.23.35:849][586]LogEditorServer: Rebuildmap Clear paths rebuilt
[2017.10.01-19.23.35:971][586]LightingResults: New page: Lighting Build - Oct 1, 2017, 11:23:35 AM
[2017.10.01-19.23.36:057][586]LogSwarmInterface: [OpenConnection] Registering TCP channel ...
[2017.10.01-19.23.36:064][586]LogSwarmInterface: [OpenConnection] Connecting to agent ...
[2017.10.01-19.23.36:064][586]LogSwarmInterface: [TryOpenConnection] Testing the Agent
[2017.10.01-19.23.36:064][586]LogSwarmInterface: [TryOpenConnection] Opening Connection to Agent
[2017.10.01-19.23.36:064][586]LogSwarmInterface: [TryOpenConnection] Local Process ID is 1980
[2017.10.01-19.23.40:691][586]LogStaticLightingSystem: Warning: No importance volume found, so the scene bounding box was used.  You can optimize your scene's quality and lighting build times by adding importance volumes.
[2017.10.01-19.23.40:691][586]LogStaticLightingSystem: Running Lightmass w/ ImmediateImport mode ENABLED
[2017.10.01-19.23.40:691][586]LogStaticLightingSystem: Running Lightmass w/ ImmediateProcess mode ENABLED
[2017.10.01-19.23.40:691][586]LogStaticLightingSystem: Running Lightmass w/ Sorting mode ENABLED
[2017.10.01-19.23.40:691][586]LogStaticLightingSystem: Running Lightmass w/ Mapping paddings ENABLED
[2017.10.01-19.23.40:691][586]LogStaticLightingSystem: Running Lightmass w/ Mapping debug paddings DISABLED
[2017.10.01-19.23.40:821][586]LogEditorBuildUtils: Build time 0:05
[2017.10.01-19.23.42:272][609]LightingResults: Warning: BaseModel Object has overlapping UVs.
[2017.10.01-19.23.42:272][609]LightingResults: BaseModel Lightmap UV are overlapping by 33.0%. Please adjust content - Enable Error Coloring to visualize.
[2017.10.01-19.23.42:281][610]Job is a success!
[2017.10.01-19.23.42:666][611]LogTexture: Display: Building textures: HQ_Lightmap0_1 (AutoDXT, 128X128)
[2017.10.01-19.23.42:666][611]LogTexture: Display: Building textures: LQ_Lightmap_0_1 (DXT1, 128X128)
[2017.10.01-19.23.42:666][611]LogTexture: Display: Building textures: HQ_Lightmap0_2 (AutoDXT, 64X64)
[2017.10.01-19.23.42:666][611]LogTexture: Display: Building textures: LQ_Lightmap_0_2 (DXT1, 64X64)
[2017.10.01-19.23.42:666][611]LogTexture: Display: Building textures: ShadowMapTexture2D_0 (G8, 64X64)
[2017.10.01-19.23.42:666][611]LogTexture: Display: Building textures: ShadowMapTexture2D_1 (G8, 64X8)
[2017.10.01-19.23.42:800][611]Lightmass on MSI: 1.26 sec total, 126 ms importing, 28 ms setup, 271 ms photons, 788 ms processing, 0 ms extra exporting [7/7 mappings]. Threads: 5.36 sec total, 248 ms processing.
[2017.10.01-19.23.42:945][611]LogStaticLightingSystem: Illumination: 6.82 sec (16 ms encoding lightmaps, 4 ms encoding shadowmaps)
[2017.10.01-19.23.42:945][611]LogStaticLightingSystem: Lightmap texture memory:  0.0 MB (0.0 MB streaming, 0.0 MB non-streaming), 4 textures
[2017.10.01-19.23.42:945][611]LogStaticLightingSystem: Shadowmap texture memory: 0.0 MB (0.0 MB streaming, 0.0 MB non-streaming), 2 textures
[2017.10.01-19.23.43:641][611]DumpUnbuiltLightIteractions
[2017.10.01-19.23.43:642][611]Lights with unbuilt interactions: 0
[2017.10.01-19.23.43:642][611]
[2017.10.01-19.23.43:642][611]Primitives with unbuilt interactions: 0
[2017.10.01-19.23.43:658][612]Cmd: MAP CHECK NOTIFYRESULTS
[2017.10.01-19.23.43:658][612]MapCheck: New page: Untitled_2 - Oct 1, 2017, 11:23:43 AM
[2017.10.01-19.23.43:804][612]MapCheck: Map check complete: 0 Error(s), 0 Warning(s), took 146.592ms to complete.
[2017.10.01-19.24.41:824][960]LogEditorViewport: Clicking Background
[2017.10.01-19.24.57:423][800]LogEditor: Attempting to add actor of class 'PaperCharacter' to level at -100.00,-120.00,120.00
[2017.10.01-19.24.58:763][871]LogEditor: Attempting to add actor of class 'PaperCharacter' to level at -100.00,-120.00,120.00
[2017.10.01-19.25.06:923][343]Cmd: DELETE
[2017.10.01-19.25.06:923][343]Cmd: ACTOR DELETE
[2017.10.01-19.25.06:934][343]LogEditorActor: Deleted Actor: PaperCharacter
[2017.10.01-19.25.06:966][343]LogEditorActor: Deleted 1 Actors (0.035 secs)
[2017.10.01-19.25.10:031][431]LogEditor: Attempting to add actor of class 'ArchVisCharacter' to level at -200.00,-110.00,310.00
[2017.10.01-19.25.11:105][478]LogEditor: Attempting to add actor of class 'ArchVisCharacter' to level at -200.00,-110.00,310.00
[2017.10.01-19.25.16:728][808]Cmd: DELETE
[2017.10.01-19.25.16:728][808]Cmd: ACTOR DELETE
[2017.10.01-19.25.16:729][808]LogEditorActor: Deleted Actor: ArchVisCharacter
[2017.10.01-19.25.16:741][808]LogEditorActor: Deleted 1 Actors (0.013 secs)
[2017.10.01-19.25.45:140][285]LogEditorViewport: Clicking Background
[2017.10.01-19.27.24:256][ 56]LogFactory: FactoryCreateFile: StaticMesh with FbxFactory (0 0 D:\OneDrive\UofT Projects\Base World.FBX)
[2017.10.01-19.27.24:271][ 56]LogFbx: ItemName: GlobalSettings, ItemCount : 1
[2017.10.01-19.27.24:271][ 56]LogFbx: ItemName: AnimationStack, ItemCount : 1
[2017.10.01-19.27.24:271][ 56]LogFbx: ItemName: AnimationLayer, ItemCount : 1
[2017.10.01-19.27.24:271][ 56]LogFbx: ItemName: Model, ItemCount : 5
[2017.10.01-19.27.24:271][ 56]LogFbx: ItemName: Geometry, ItemCount : 5
[2017.10.01-19.27.24:278][ 56]LogFbx: Loading FBX Scene from D:\OneDrive\UofT Projects\Base World.FBX
[2017.10.01-19.27.24:329][ 56]LogFbx: FBX Scene Loaded Succesfully
[2017.10.01-19.27.34:818][ 56]LogFbx: Loading FBX Scene from D:\OneDrive\UofT Projects\Base World.FBX
[2017.10.01-19.27.34:829][ 56]LogFbx: FBX Scene Loaded Succesfully
[2017.10.01-19.27.34:838][ 56]LogFbx: Warning: Triangulating static mesh Sphere001
[2017.10.01-19.27.34:943][ 56]LogStaticMesh: Building static mesh Base_World_Sphere001...
[2017.10.01-19.27.34:948][ 56]LogStaticMesh: Built static mesh [0.01s] /Game/Art/Geometry/Base_World_Sphere001.Base_World_Sphere001
[2017.10.01-19.27.34:955][ 56]LogFbx: Warning: Triangulating static mesh Box003
[2017.10.01-19.27.34:957][ 56]LogStaticMesh: Building static mesh Base_World_Box003...
[2017.10.01-19.27.34:960][ 56]LogStaticMesh: Built static mesh [0.00s] /Game/Art/Geometry/Base_World_Box003.Base_World_Box003
[2017.10.01-19.27.34:965][ 56]LogFbx: Warning: Triangulating static mesh Sphere002
[2017.10.01-19.27.35:006][ 56]LogStaticMesh: Building static mesh Base_World_Sphere002...
[2017.10.01-19.27.35:011][ 56]LogStaticMesh: Built static mesh [0.01s] /Game/Art/Geometry/Base_World_Sphere002.Base_World_Sphere002
[2017.10.01-19.27.35:018][ 56]LogFbx: Warning: Triangulating static mesh Torus001
[2017.10.01-19.27.35:088][ 56]LogStaticMesh: Building static mesh Base_World_Torus001...
[2017.10.01-19.27.35:095][ 56]LogStaticMesh: Built static mesh [0.01s] /Game/Art/Geometry/Base_World_Torus001.Base_World_Torus001
[2017.10.01-19.27.35:104][ 56]LogStaticMesh: Building static mesh Base_World_Cylinder002...
[2017.10.01-19.27.35:105][ 56]LogStaticMesh: Built static mesh [0.00s] /Game/Art/Geometry/Base_World_Cylinder002.Base_World_Cylinder002
[2017.10.01-19.27.35:113][ 56]FBXImport: Warning: No smoothing group information was found in this FBX scene.  Please make sure to enable the 'Export Smoothing Groups' option in the FBX Exporter plug-in before exporting the file.  Even for tools that don't support smoothing groups, the FBX Exporter will generate appropriate smoothing data at export-time so that correct vertex normals can be inferred while importing. 
[2017.10.01-19.27.47:656][403]LogActorFactory: Actor Factory created Base_World_Sphere001
[2017.10.01-19.27.49:681][524]LogActorFactory: Actor Factory created Base_World_Sphere001
[2017.10.01-19.28.22:589][291]LogActorFactory: Actor Factory created Base_World_Sphere002
[2017.10.01-19.28.23:609][351]LogActorFactory: Actor Factory created Base_World_Sphere002
[2017.10.01-19.28.47:670][697]LogActorFactory: Actor Factory created Base_World_Torus001
[2017.10.01-19.28.48:677][756]LogActorFactory: Actor Factory created Base_World_Torus001
[2017.10.01-19.28.50:646][834]LogEditorViewport: Clicking on Actor (LMB): StaticMeshActor (Base_World_Sphere002)
[2017.10.01-19.28.52:558][933]LogEditorViewport: Clicking on Actor (LMB): StaticMeshActor (Base_World_Torus001)
[2017.10.01-19.29.06:516][380]LogActorFactory: Actor Factory created Base_World_Box003
[2017.10.01-19.29.07:108][414]LogActorFactory: Actor Factory created Base_World_Box003
[2017.10.01-19.29.10:749][629]Cmd: DELETE
[2017.10.01-19.29.10:749][629]Cmd: ACTOR DELETE
[2017.10.01-19.29.10:750][629]LogEditorActor: Deleted Actor: StaticMeshActor
[2017.10.01-19.29.10:760][629]LogEditorActor: Deleted 1 Actors (0.011 secs)
[2017.10.01-19.29.44:346][  8]LogContentBrowser: Native class hierarchy updated for 'MaterialEditor' in 0.0006 seconds. Added 1 classes and 0 folders.
[2017.10.01-19.29.44:348][  8]LogMaterial: Missing cached shader map for material Glass, compiling. 
[2017.10.01-19.29.44:434][  8]LogMaterial: Missing cached shader map for material Glass, compiling. 
[2017.10.01-19.29.44:481][  8]LogSlate: Took 0.000228 seconds to synchronously load lazily loaded font '../../../Engine/Content/Editor/Slate/Fonts/Roboto-BoldCondensed.ttf' (158K)
[2017.10.01-19.29.45:660][ 26]MaterialEditorStats: Base pass shader: 78 instructions
[2017.10.01-19.29.45:660][ 26]MaterialEditorStats: Vertex shader: 29 instructions
[2017.10.01-19.29.45:660][ 26]MaterialEditorStats: Texture samplers: 1/16
[2017.10.01-19.29.49:420][108]LogMaterial: Missing cached shader map for material Glass, compiling. 
[2017.10.01-19.29.50:327][123]MaterialEditorStats: Base pass shader: 78 instructions
[2017.10.01-19.29.50:327][123]MaterialEditorStats: Vertex shader: 29 instructions
[2017.10.01-19.29.50:327][123]MaterialEditorStats: Texture samplers: 1/16
[2017.10.01-19.30.02:937][355]LogMaterial: Missing cached shader map for material Glass, compiling. 
[2017.10.01-19.30.02:987][355]LogMaterial: Missing cached shader map for material Glass, compiling. 
[2017.10.01-19.30.04:091][374]MaterialEditorStats: Base pass shader: 78 instructions
[2017.10.01-19.30.04:091][374]MaterialEditorStats: Vertex shader: 29 instructions
[2017.10.01-19.30.04:091][374]MaterialEditorStats: Texture samplers: 1/16
[2017.10.01-19.30.06:907][424]LogMaterial: Missing cached shader map for material Glass, compiling. 
[2017.10.01-19.30.08:660][448]MaterialEditorStats: Base pass shader: 79 instructions
[2017.10.01-19.30.08:660][448]MaterialEditorStats: Vertex shader: 29 instructions
[2017.10.01-19.30.08:660][448]MaterialEditorStats: Texture samplers: 1/16
[2017.10.01-19.30.11:003][488]LogMaterial: Missing cached shader map for material FMatExpressionPreview MaterialExpressionConstant_0, compiling. 
[2017.10.01-19.30.19:537][654]LogMaterial: Missing cached shader map for material Glass, compiling. 
[2017.10.01-19.30.21:193][684]MaterialEditorStats: Base pass shader: 78 instructions
[2017.10.01-19.30.21:194][684]MaterialEditorStats: Vertex shader: 29 instructions
[2017.10.01-19.30.21:194][684]MaterialEditorStats: Texture samplers: 1/16
[2017.10.01-19.30.46:359][218]LogMaterialEditor: Applying material Glass
[2017.10.01-19.30.46:866][218]LogMaterial: Missing cached shader map for material Glass, compiling. 
[2017.10.01-19.30.46:969][218]LogMaterial: Missing cached shader map for material Glass, compiling. 
[2017.10.01-19.30.47:060][218]LogMaterial: Missing cached shader map for material Glass, compiling. 
[2017.10.01-19.30.47:115][218]LogMaterial: Missing cached shader map for material FDebugViewModeMaterialProxy Glass, compiling. 
[2017.10.01-19.30.48:464][218]TextureStreamingBuild: Display: Compiling optional shaders took 1.356 seconds.
[2017.10.01-19.30.57:020][512]LogMaterial: Missing cached shader map for material PreviewMaterial_0, compiling. 
[2017.10.01-19.30.57:108][512]LogMaterial: Missing cached shader map for material PreviewMaterial_0, compiling. 
[2017.10.01-19.30.57:135][512]LogMaterial: Missing cached shader map for material PreviewMaterial_0, compiling. 
[2017.10.01-19.30.58:826][539]MaterialEditorStats: Base pass shader: 78 instructions
[2017.10.01-19.30.58:826][539]MaterialEditorStats: Vertex shader: 29 instructions
[2017.10.01-19.30.58:826][539]MaterialEditorStats: Texture samplers: 1/16
[2017.10.01-19.31.08:378][699]LogMaterial: Missing cached shader map for material PreviewMaterial_0, compiling. 
[2017.10.01-19.31.08:457][699]LogMaterial: Missing cached shader map for material PreviewMaterial_0, compiling. 
[2017.10.01-19.31.10:053][722]MaterialEditorStats: Base pass shader: 44 instructions
[2017.10.01-19.31.10:053][722]MaterialEditorStats: Vertex shader: 122 instructions
[2017.10.01-19.31.10:053][722]MaterialEditorStats: Texture samplers: 4/16
[2017.10.01-19.31.12:502][763]LogMaterial: Missing cached shader map for material PreviewMaterial_0, compiling. 
[2017.10.01-19.31.14:123][786]MaterialEditorStats: Base pass shader: 48 instructions
[2017.10.01-19.31.14:123][786]MaterialEditorStats: Vertex shader: 122 instructions
[2017.10.01-19.31.14:123][786]MaterialEditorStats: Texture samplers: 4/16
[2017.10.01-19.31.32:702][203]LogMaterial: Missing cached shader map for material PreviewMaterial_0, compiling. 
[2017.10.01-19.31.32:719][203]LogMaterial: Missing cached shader map for material FMatExpressionPreview MaterialExpressionConstant3Vector_0, compiling. 
[2017.10.01-19.31.34:684][230]MaterialEditorStats: Base pass shader: 48 instructions
[2017.10.01-19.31.34:684][230]MaterialEditorStats: Vertex shader: 122 instructions
[2017.10.01-19.31.34:684][230]MaterialEditorStats: Texture samplers: 4/16
[2017.10.01-19.31.36:684][261]LogMaterial: Missing cached shader map for material PreviewMaterial_0, compiling. 
[2017.10.01-19.31.36:703][261]LogMaterial: Missing cached shader map for material FMatExpressionPreview MaterialExpressionConstant3Vector_0, compiling. 
[2017.10.01-19.31.38:404][286]MaterialEditorStats: Base pass shader: 48 instructions
[2017.10.01-19.31.38:404][286]MaterialEditorStats: Vertex shader: 122 instructions
[2017.10.01-19.31.38:404][286]MaterialEditorStats: Texture samplers: 4/16
[2017.10.01-19.31.41:988][333]LogMaterial: Missing cached shader map for material PreviewMaterial_0, compiling. 
[2017.10.01-19.31.42:014][333]LogMaterial: Missing cached shader map for material FMatExpressionPreview MaterialExpressionConstant3Vector_0, compiling. 
[2017.10.01-19.31.43:236][350]LogMaterialEditor: Applying material Glass
[2017.10.01-19.31.43:852][350]LogMaterial: Missing cached shader map for material PreviewMaterial_0, compiling. 
[2017.10.01-19.31.43:931][350]LogMaterial: Missing cached shader map for material Glass, compiling. 
[2017.10.01-19.31.43:967][350]LogMaterial: Missing cached shader map for material Glass, compiling. 
[2017.10.01-19.31.44:013][350]LogMaterial: Missing cached shader map for material FDebugViewModeMaterialProxy Glass, compiling. 
[2017.10.01-19.31.45:184][350]TextureStreamingBuild: Display: Compiling optional shaders took 1.179 seconds.
[2017.10.01-19.31.51:565][666]LogMaterial: Missing cached shader map for material PreviewMaterial_1, compiling. 
[2017.10.01-19.31.51:637][666]LogMaterial: Missing cached shader map for material PreviewMaterial_1, compiling. 
[2017.10.01-19.31.51:656][666]LogMaterial: Missing cached shader map for material PreviewMaterial_1, compiling. 
[2017.10.01-19.31.51:703][666]LogMaterial: Missing cached shader map for material FMatExpressionPreview MaterialExpressionConstant3Vector_0, compiling. 
[2017.10.01-19.31.53:350][689]MaterialEditorStats: Base pass shader: 49 instructions
[2017.10.01-19.31.53:350][689]MaterialEditorStats: Vertex shader: 122 instructions
[2017.10.01-19.31.53:350][689]MaterialEditorStats: Texture samplers: 4/16
[2017.10.01-19.31.59:629][827]LogMaterial: Missing cached shader map for material PreviewMaterial_1, compiling. 
[2017.10.01-19.32.01:283][856]MaterialEditorStats: Base pass shader: 45 instructions
[2017.10.01-19.32.01:283][856]MaterialEditorStats: Vertex shader: 122 instructions
[2017.10.01-19.32.01:283][856]MaterialEditorStats: Texture samplers: 4/16
[2017.10.01-19.32.08:440][955]LogMaterialEditor: Applying material Glass
[2017.10.01-19.32.08:938][955]LogMaterial: Missing cached shader map for material PreviewMaterial_1, compiling. 
[2017.10.01-19.32.09:007][955]LogMaterial: Missing cached shader map for material Glass, compiling. 
[2017.10.01-19.32.09:039][955]LogMaterial: Missing cached shader map for material Glass, compiling. 
[2017.10.01-19.32.09:089][955]LogMaterial: Missing cached shader map for material FDebugViewModeMaterialProxy Glass, compiling. 
[2017.10.01-19.32.10:252][955]TextureStreamingBuild: Display: Compiling optional shaders took 1.171 seconds.
[2017.10.01-19.32.13:033][  0]MaterialEditorStats: Base pass shader: 45 instructions
[2017.10.01-19.32.13:033][  0]MaterialEditorStats: Vertex shader: 122 instructions
[2017.10.01-19.32.13:033][  0]MaterialEditorStats: Texture samplers: 4/16
[2017.10.01-19.32.38:752][419]LogMaterial: Missing cached shader map for material PreviewMaterial_1, compiling. 
[2017.10.01-19.32.38:774][419]LogMaterial: Missing cached shader map for material FMatExpressionPreview MaterialExpressionConstant3Vector_0, compiling. 
[2017.10.01-19.32.39:883][436]LogMaterialEditor: Applying material Glass
[2017.10.01-19.32.40:603][436]LogMaterial: Missing cached shader map for material PreviewMaterial_1, compiling. 
[2017.10.01-19.32.40:672][436]LogMaterial: Missing cached shader map for material Glass, compiling. 
[2017.10.01-19.32.40:706][436]LogMaterial: Missing cached shader map for material Glass, compiling. 
[2017.10.01-19.32.40:754][436]LogMaterial: Missing cached shader map for material FDebugViewModeMaterialProxy Glass, compiling. 
[2017.10.01-19.32.41:935][436]TextureStreamingBuild: Display: Compiling optional shaders took 1.190 seconds.
[2017.10.01-19.32.44:804][479]MaterialEditorStats: Base pass shader: 45 instructions
[2017.10.01-19.32.44:804][479]MaterialEditorStats: Vertex shader: 122 instructions
[2017.10.01-19.32.44:804][479]MaterialEditorStats: Texture samplers: 4/16
[2017.10.01-19.32.46:525][534]LogEditorViewport: Clicking on Actor (LMB): StaticMeshActor (Base_World_Sphere002)
[2017.10.01-19.32.49:841][729]LogEditorViewport: Clicking Background
[2017.10.01-19.33.19:023][334]LogEditorViewport: Clicking on Actor (LMB): StaticMeshActor (Base_World_Sphere001)
[2017.10.01-19.33.20:174][400]LogEditorViewport: Clicking on Actor (LMB): StaticMeshActor (BaseModel)
[2017.10.01-19.33.41:145][425]LogEditorViewport: Clicking on Actor (LMB): StaticMeshActor (Base_World_Sphere002)
[2017.10.01-19.33.43:561][567]LogEditorViewport: Clicking on Actor (LMB): StaticMeshActor (Base_World_Sphere001)
[2017.10.01-19.33.43:942][587]Cmd: SELECT NONE
[2017.10.01-19.33.59:869][297]MapCheck: New page: Map Check
[2017.10.01-19.33.59:905][297]Cmd: MAP REBUILD ALLVISIBLE
[2017.10.01-19.33.59:906][297]LogEditorServer: Rebuildmap Clear paths rebuilt
[2017.10.01-19.33.59:914][297]LightingResults: New page: Lighting Build - Oct 1, 2017, 11:33:59 AM
[2017.10.01-19.33.59:921][297]LogSwarmInterface: [OpenConnection] Registering TCP channel ...
[2017.10.01-19.33.59:924][297]LogSwarmInterface: [OpenConnection] Connecting to agent ...
[2017.10.01-19.33.59:924][297]LogSwarmInterface: [TryOpenConnection] Testing the Agent
[2017.10.01-19.33.59:927][297]LogSwarmInterface: [TryOpenConnection] Opening Connection to Agent
[2017.10.01-19.33.59:927][297]LogSwarmInterface: [TryOpenConnection] Local Process ID is 1980
[2017.10.01-19.34.04:441][297]LogStaticLightingSystem: Warning: No importance volume found, so the scene bounding box was used.  You can optimize your scene's quality and lighting build times by adding importance volumes.
[2017.10.01-19.34.04:442][297]LogStaticLightingSystem: Running Lightmass w/ ImmediateImport mode ENABLED
[2017.10.01-19.34.04:442][297]LogStaticLightingSystem: Running Lightmass w/ ImmediateProcess mode ENABLED
[2017.10.01-19.34.04:442][297]LogStaticLightingSystem: Running Lightmass w/ Sorting mode ENABLED
[2017.10.01-19.34.04:442][297]LogStaticLightingSystem: Running Lightmass w/ Mapping paddings ENABLED
[2017.10.01-19.34.04:442][297]LogStaticLightingSystem: Running Lightmass w/ Mapping debug paddings DISABLED
[2017.10.01-19.34.04:772][297]LogEditorBuildUtils: Build time 0:04
[2017.10.01-19.34.04:800][297]LogMaterial: Missing cached shader map for material FLightmassMaterialRenderer Glass, compiling. 
[2017.10.01-19.34.04:825][297]LogMaterial: Missing cached shader map for material FLightmassMaterialRenderer Glass, compiling. 
[2017.10.01-19.34.06:860][324]LightingResults: Warning: BaseModel Object has overlapping UVs.
[2017.10.01-19.34.06:860][324]LightingResults: BaseModel Lightmap UV are overlapping by 33.0%. Please adjust content - Enable Error Coloring to visualize.
[2017.10.01-19.34.06:933][326]Job is a success!
[2017.10.01-19.34.07:166][327]LogMaterial: Warning: Material /Game/Art/Materials/Glass.Glass needed to have new flag set bUsedWithStaticLighting !
[2017.10.01-19.34.07:169][327]LogMaterial: Missing cached shader map for material Glass, compiling. 
[2017.10.01-19.34.07:389][327]LogTexture: Display: Building textures: HQ_Lightmap1_1 (AutoDXT, 256X256)
[2017.10.01-19.34.07:389][327]LogTexture: Display: Building textures: LQ_Lightmap_1_1 (DXT1, 256X256)
[2017.10.01-19.34.07:389][327]LogTexture: Display: Building textures: HQ_Lightmap1_2 (AutoDXT, 64X64)
[2017.10.01-19.34.07:389][327]LogTexture: Display: Building textures: LQ_Lightmap_1_2 (DXT1, 64X64)
[2017.10.01-19.34.07:389][327]LogTexture: Display: Building textures: ShadowMapTexture2D_3 (G8, 64X8)
[2017.10.01-19.34.07:389][327]LogTexture: Display: Building textures: ShadowMapTexture2D_2 (G8, 256X64)
[2017.10.01-19.34.07:537][327]Lightmass on MSI: 1.48 sec total, 123 ms importing, 25 ms setup, 313 ms photons, 974 ms processing, 0 ms extra exporting [10/10 mappings]. Threads: 6.65 sec total, 966 ms processing.
[2017.10.01-19.34.07:745][327]LogStaticLightingSystem: Illumination: 7.65 sec (45 ms encoding lightmaps, 15 ms encoding shadowmaps)
[2017.10.01-19.34.07:745][327]LogStaticLightingSystem: Lightmap texture memory:  0.1 MB (0.1 MB streaming, 0.0 MB non-streaming), 4 textures
[2017.10.01-19.34.07:745][327]LogStaticLightingSystem: Shadowmap texture memory: 0.0 MB (0.0 MB streaming, 0.0 MB non-streaming), 2 textures
[2017.10.01-19.34.08:459][327]DumpUnbuiltLightIteractions
[2017.10.01-19.34.08:459][327]Lights with unbuilt interactions: 0
[2017.10.01-19.34.08:459][327]
[2017.10.01-19.34.08:460][327]Primitives with unbuilt interactions: 0
[2017.10.01-19.34.08:476][328]Cmd: MAP CHECK NOTIFYRESULTS
[2017.10.01-19.34.08:476][328]MapCheck: New page: Untitled_2 - Oct 1, 2017, 11:34:08 AM
[2017.10.01-19.34.08:629][328]MapCheck: Map check complete: 0 Error(s), 0 Warning(s), took 152.84ms to complete.
[2017.10.01-19.34.23:848][ 94]LogEditorViewport: Clicking on Actor (LMB): StaticMeshActor (Base_World_Sphere001)
[2017.10.01-19.34.41:757][ 20]LogEditorViewport: Clicking on Actor (LMB): StaticMeshActor (Base_World_Sphere002)
[2017.10.01-19.34.50:073][358]MapCheck: New page: Map Check
[2017.10.01-19.34.50:103][358]Cmd: MAP REBUILD ALLVISIBLE
[2017.10.01-19.34.50:103][358]LogEditorServer: Rebuildmap Clear paths rebuilt
[2017.10.01-19.34.50:110][358]LightingResults: New page: Lighting Build - Oct 1, 2017, 11:34:50 AM
[2017.10.01-19.34.50:118][358]LogSwarmInterface: [OpenConnection] Registering TCP channel ...
[2017.10.01-19.34.50:120][358]LogSwarmInterface: [OpenConnection] Connecting to agent ...
[2017.10.01-19.34.50:120][358]LogSwarmInterface: [TryOpenConnection] Testing the Agent
[2017.10.01-19.34.50:121][358]LogSwarmInterface: [TryOpenConnection] Opening Connection to Agent
[2017.10.01-19.34.50:121][358]LogSwarmInterface: [TryOpenConnection] Local Process ID is 1980
[2017.10.01-19.34.54:635][358]LogStaticLightingSystem: Warning: No importance volume found, so the scene bounding box was used.  You can optimize your scene's quality and lighting build times by adding importance volumes.
[2017.10.01-19.34.54:636][358]LogStaticLightingSystem: Running Lightmass w/ ImmediateImport mode ENABLED
[2017.10.01-19.34.54:636][358]LogStaticLightingSystem: Running Lightmass w/ ImmediateProcess mode ENABLED
[2017.10.01-19.34.54:636][358]LogStaticLightingSystem: Running Lightmass w/ Sorting mode ENABLED
[2017.10.01-19.34.54:636][358]LogStaticLightingSystem: Running Lightmass w/ Mapping paddings ENABLED
[2017.10.01-19.34.54:636][358]LogStaticLightingSystem: Running Lightmass w/ Mapping debug paddings DISABLED
[2017.10.01-19.34.54:822][358]LogEditorBuildUtils: Build time 0:04
[2017.10.01-19.34.54:835][358]LogMaterial: Missing cached shader map for material FLightmassMaterialRenderer Glass, compiling. 
[2017.10.01-19.34.54:846][358]LogMaterial: Missing cached shader map for material FLightmassMaterialRenderer Glass, compiling. 
[2017.10.01-19.34.57:324][395]LightingResults: Warning: BaseModel Object has overlapping UVs.
[2017.10.01-19.34.57:324][395]LightingResults: BaseModel Lightmap UV are overlapping by 33.0%. Please adjust content - Enable Error Coloring to visualize.
[2017.10.01-19.34.58:810][428]Job is a success!
[2017.10.01-19.34.59:412][429]LogTexture: Display: Building textures: HQ_Lightmap0_1 (AutoDXT, 1024X1024)
[2017.10.01-19.34.59:413][429]LogTexture: Display: Building textures: LQ_Lightmap_0_1 (DXT1, 1024X1024)
[2017.10.01-19.34.59:413][429]LogTexture: Display: Building textures: HQ_Lightmap0_2 (AutoDXT, 64X64)
[2017.10.01-19.34.59:413][429]LogTexture: Display: Building textures: LQ_Lightmap_0_2 (DXT1, 64X64)
[2017.10.01-19.34.59:517][429]LogTexture: Display: Building textures: ShadowMapTexture2D_5 (G8, 64X8)
[2017.10.01-19.34.59:517][429]LogTexture: Display: Building textures: ShadowMapTexture2D_4 (G8, 1024X256)
[2017.10.01-19.34.59:620][429]Lightmass on MSI: 3.54 sec total, 124 ms importing, 26 ms setup, 718 ms photons, 2.61 sec processing, 0 ms extra exporting [10/10 mappings]. Threads: 18.1 sec total, 3.83 sec processing.
[2017.10.01-19.34.59:812][429]LogStaticLightingSystem: Illumination: 9.56 sec (314 ms encoding lightmaps, 59 ms encoding shadowmaps)
[2017.10.01-19.34.59:812][429]LogStaticLightingSystem: Lightmap texture memory:  2.0 MB (2.0 MB streaming, 0.0 MB non-streaming), 4 textures
[2017.10.01-19.34.59:812][429]LogStaticLightingSystem: Shadowmap texture memory: 0.3 MB (0.3 MB streaming, 0.0 MB non-streaming), 2 textures
[2017.10.01-19.35.00:644][429]DumpUnbuiltLightIteractions
[2017.10.01-19.35.00:644][429]Lights with unbuilt interactions: 0
[2017.10.01-19.35.00:644][429]
[2017.10.01-19.35.00:644][429]Primitives with unbuilt interactions: 0
[2017.10.01-19.35.00:663][430]Cmd: MAP CHECK NOTIFYRESULTS
[2017.10.01-19.35.00:663][430]MapCheck: New page: Untitled_2 - Oct 1, 2017, 11:35:00 AM
[2017.10.01-19.35.00:823][430]MapCheck: Map check complete: 0 Error(s), 0 Warning(s), took 160.138ms to complete.
[2017.10.01-19.35.06:919][658]LogEditorViewport: Clicking on Actor (LMB): StaticMeshActor (Base_World_Sphere002)
[2017.10.01-19.35.07:278][679]Cmd: SELECT NONE
[2017.10.01-19.35.21:876][533]LogMaterial: Missing cached shader map for material Glass, compiling. 
[2017.10.01-19.35.21:954][533]LogMaterial: Missing cached shader map for material Glass, compiling. 
[2017.10.01-19.35.21:976][533]LogMaterial: Missing cached shader map for material Glass, compiling. 
[2017.10.01-19.35.22:018][533]LogMaterial: Missing cached shader map for material FMatExpressionPreview MaterialExpressionConstant3Vector_0, compiling. 
[2017.10.01-19.35.24:058][564]MaterialEditorStats: Base pass shader: 45 instructions
[2017.10.01-19.35.24:058][564]MaterialEditorStats: Vertex shader: 122 instructions
[2017.10.01-19.35.24:058][564]MaterialEditorStats: Texture samplers: 4/16
[2017.10.01-19.36.26:316][126]Cmd: OBJ SAVEPACKAGE PACKAGE="/Game/Levels/BowCaster" FILE="../../../../../OneDrive/UofT Projects/Unreal/Bowcaster/Content/Levels/BowCaster.umap" SILENT=true AUTOSAVING=false KEEPDIRTY=false
[2017.10.01-19.36.26:363][126]LogSavePackage: Save=25.66ms
[2017.10.01-19.36.26:363][126]LogSavePackage: Moving '../../../../../OneDrive/UofT Projects/Unreal/Bowcaster/Saved/BowCaster3E654AC244179CB61FC8DFBE0926DDAA.tmp' to '../../../../../OneDrive/UofT Projects/Unreal/Bowcaster/Content/Levels/BowCaster.umap'
[2017.10.01-19.36.26:366][126]LogSavePackage: Display: Finished SavePackage ../../../../../OneDrive/UofT Projects/Unreal/Bowcaster/Content/Levels/BowCaster.umap
[2017.10.01-19.36.26:399][126]LogFileHelpers: Saving map 'BowCaster' took 0.951
[2017.10.01-19.36.26:403][126]Cmd: OBJ SAVEPACKAGE PACKAGE="/Game/Levels/BowCaster_BuiltData" FILE="../../../../../OneDrive/UofT Projects/Unreal/Bowcaster/Content/Levels/BowCaster_BuiltData.uasset" SILENT=true
[2017.10.01-19.36.26:497][126]LogSavePackage: Save=90.80ms
[2017.10.01-19.36.26:497][126]LogSavePackage: Moving '../../../../../OneDrive/UofT Projects/Unreal/Bowcaster/Saved/BowCaster_BuiltData42B6AF9D42217ADF41AE09851562FEE7.tmp' to '../../../../../OneDrive/UofT Projects/Unreal/Bowcaster/Content/Levels/BowCaster_BuiltData.uasset'
[2017.10.01-19.36.26:498][126]LogSavePackage: Display: Finished SavePackage ../../../../../OneDrive/UofT Projects/Unreal/Bowcaster/Content/Levels/BowCaster_BuiltData.uasset
[2017.10.01-19.36.26:524][126]Cmd: OBJ SAVEPACKAGE PACKAGE="/Game/Art/Geometry/BaseModel" FILE="../../../../../OneDrive/UofT Projects/Unreal/Bowcaster/Content/Art/Geometry/BaseModel.uasset" SILENT=true
[2017.10.01-19.36.26:541][126]LogSavePackage: Save=14.67ms
[2017.10.01-19.36.26:541][126]LogSavePackage: Moving '../../../../../OneDrive/UofT Projects/Unreal/Bowcaster/Saved/BaseModelAB4E2DFB43E6B7D183A179B8E8149D27.tmp' to '../../../../../OneDrive/UofT Projects/Unreal/Bowcaster/Content/Art/Geometry/BaseModel.uasset'
[2017.10.01-19.36.26:542][126]LogSavePackage: Display: Finished SavePackage ../../../../../OneDrive/UofT Projects/Unreal/Bowcaster/Content/Art/Geometry/BaseModel.uasset
[2017.10.01-19.36.26:560][126]Cmd: OBJ SAVEPACKAGE PACKAGE="/Game/Art/Materials/Glass" FILE="../../../../../OneDrive/UofT Projects/Unreal/Bowcaster/Content/Art/Materials/Glass.uasset" SILENT=true
[2017.10.01-19.36.26:577][126]LogSavePackage: Save=14.97ms
[2017.10.01-19.36.26:577][126]LogSavePackage: Moving '../../../../../OneDrive/UofT Projects/Unreal/Bowcaster/Saved/Glass3C4EE74C4C11B7199FE098AA1C83717B.tmp' to '../../../../../OneDrive/UofT Projects/Unreal/Bowcaster/Content/Art/Materials/Glass.uasset'
[2017.10.01-19.36.26:578][126]LogSavePackage: Display: Finished SavePackage ../../../../../OneDrive/UofT Projects/Unreal/Bowcaster/Content/Art/Materials/Glass.uasset
[2017.10.01-19.36.26:596][126]Cmd: OBJ SAVEPACKAGE PACKAGE="/Game/Art/Geometry/Base_World_Sphere001" FILE="../../../../../OneDrive/UofT Projects/Unreal/Bowcaster/Content/Art/Geometry/Base_World_Sphere001.uasset" SILENT=true
[2017.10.01-19.36.26:613][126]LogSavePackage: Save=14.51ms
[2017.10.01-19.36.26:613][126]LogSavePackage: Moving '../../../../../OneDrive/UofT Projects/Unreal/Bowcaster/Saved/Base_World_Sphere001ABDD5B9F40A32221B580F890E83B2510.tmp' to '../../../../../OneDrive/UofT Projects/Unreal/Bowcaster/Content/Art/Geometry/Base_World_Sphere001.uasset'
[2017.10.01-19.36.26:615][126]LogSavePackage: Display: Finished SavePackage ../../../../../OneDrive/UofT Projects/Unreal/Bowcaster/Content/Art/Geometry/Base_World_Sphere001.uasset
[2017.10.01-19.36.26:634][126]Cmd: OBJ SAVEPACKAGE PACKAGE="/Game/Art/Geometry/Base_World_Box003" FILE="../../../../../OneDrive/UofT Projects/Unreal/Bowcaster/Content/Art/Geometry/Base_World_Box003.uasset" SILENT=true
[2017.10.01-19.36.26:652][126]LogSavePackage: Save=16.11ms
[2017.10.01-19.36.26:652][126]LogSavePackage: Moving '../../../../../OneDrive/UofT Projects/Unreal/Bowcaster/Saved/Base_World_Box0032F3A83594233803F55B6AEAFE17E3E99.tmp' to '../../../../../OneDrive/UofT Projects/Unreal/Bowcaster/Content/Art/Geometry/Base_World_Box003.uasset'
[2017.10.01-19.36.26:654][126]LogSavePackage: Display: Finished SavePackage ../../../../../OneDrive/UofT Projects/Unreal/Bowcaster/Content/Art/Geometry/Base_World_Box003.uasset
[2017.10.01-19.36.26:673][126]Cmd: OBJ SAVEPACKAGE PACKAGE="/Game/Art/Geometry/Base_World_Sphere002" FILE="../../../../../OneDrive/UofT Projects/Unreal/Bowcaster/Content/Art/Geometry/Base_World_Sphere002.uasset" SILENT=true
[2017.10.01-19.36.26:693][126]LogSavePackage: Save=18.96ms
[2017.10.01-19.36.26:693][126]LogSavePackage: Moving '../../../../../OneDrive/UofT Projects/Unreal/Bowcaster/Saved/Base_World_Sphere0023F89C5084FAFB2603537AF84EC51F763.tmp' to '../../../../../OneDrive/UofT Projects/Unreal/Bowcaster/Content/Art/Geometry/Base_World_Sphere002.uasset'
[2017.10.01-19.36.26:695][126]LogSavePackage: Display: Finished SavePackage ../../../../../OneDrive/UofT Projects/Unreal/Bowcaster/Content/Art/Geometry/Base_World_Sphere002.uasset
[2017.10.01-19.36.26:715][126]Cmd: OBJ SAVEPACKAGE PACKAGE="/Game/Art/Geometry/Base_World_Torus001" FILE="../../../../../OneDrive/UofT Projects/Unreal/Bowcaster/Content/Art/Geometry/Base_World_Torus001.uasset" SILENT=true
[2017.10.01-19.36.26:734][126]LogSavePackage: Save=15.84ms
[2017.10.01-19.36.26:734][126]LogSavePackage: Moving '../../../../../OneDrive/UofT Projects/Unreal/Bowcaster/Saved/Base_World_Torus00195F21F4F4500AD6F8E4BA9B6E3DA174A.tmp' to '../../../../../OneDrive/UofT Projects/Unreal/Bowcaster/Content/Art/Geometry/Base_World_Torus001.uasset'
[2017.10.01-19.36.26:736][126]LogSavePackage: Display: Finished SavePackage ../../../../../OneDrive/UofT Projects/Unreal/Bowcaster/Content/Art/Geometry/Base_World_Torus001.uasset
[2017.10.01-19.36.26:754][126]Cmd: OBJ SAVEPACKAGE PACKAGE="/Game/Art/Geometry/Base_World_Cylinder002" FILE="../../../../../OneDrive/UofT Projects/Unreal/Bowcaster/Content/Art/Geometry/Base_World_Cylinder002.uasset" SILENT=true
[2017.10.01-19.36.26:771][126]LogSavePackage: Save=14.91ms
[2017.10.01-19.36.26:771][126]LogSavePackage: Moving '../../../../../OneDrive/UofT Projects/Unreal/Bowcaster/Saved/Base_World_Cylinder002D127EA6840CDE25FE38D2E86AF4D49C5.tmp' to '../../../../../OneDrive/UofT Projects/Unreal/Bowcaster/Content/Art/Geometry/Base_World_Cylinder002.uasset'
[2017.10.01-19.36.26:773][126]LogSavePackage: Display: Finished SavePackage ../../../../../OneDrive/UofT Projects/Unreal/Bowcaster/Content/Art/Geometry/Base_World_Cylinder002.uasset
